#Build: Fabric Compiler 2022.1, Build 99559, Jul 12 00:20 2022
#Install: D:\software\pango2022.1\PDS_2022.1\bin
#Application name: pds.exe
#OS: Windows 10 10.0.22621
#Hostname: DESKTOP-NTRMANG
Generated by Fabric Compiler (version 2022.1 build 99559) at Wed Jan 10 19:14:46 2024
Parse module hierarchy of project 'D:/admin/desktop/voice_loop_2l50/temp_projects/Main_Flow/Main_Flow.pds' (ADS Parser)
Compiling common defs.
Compiling technology operator (valence) library.
Compiling prim grid devices.
Compiling prim grid device symbols.
Compiling gate devices.
Compiling gate operators.
Compiling tech operator impls.
Building architecture model.
Loading device packaging model.
Building architecture floorplan logic view.
Building architecture floorplan schematic view.
C: ConstraintEditor-2002: [D:/admin/desktop/voice_loop_2l50/voice.fdc(line number: 37)] | Port es1_sdout has been placed at location AB5, whose type is share pin.
C: ConstraintEditor-2002: [D:/admin/desktop/voice_loop_2l50/voice.fdc(line number: 87)] | Port es1_dlrc has been placed at location Y5, whose type is share pin.
C: ConstraintEditor-2002: [D:/admin/desktop/voice_loop_2l50/voice.fdc(line number: 102)] | Port key has been placed at location K18, whose type is share pin.
C: ConstraintEditor-2002: [D:/admin/desktop/voice_loop_2l50/voice.fdc(line number: 107)] | Port lin_test has been placed at location Y13, whose type is share pin.
Open UCE successfully.
Current device : PGL50H-6FBG484
Total time(hh:mm:ss) of open UCE: 00:00:02
