[Info] [2024-1-10 17:17:04] /***************************Start Configuration***************************/
[Info] [2024-1-10 17:17:04] Path: D:/software/pango2022.1/PDS_2022.1/bin
[Info] [2024-1-10 17:17:04] Version: 99559
[Info] [2024-1-10 17:17:05] Current Path: D:/admin/desktop/voice_loop_2l50
[Info] [2024-1-10 17:17:05] PDS Dir Path: D:/admin/desktop/voice_loop_2l50
[Info] [2024-1-10 17:17:08] /***************************End Configration***************************/
[Info] [2024-1-10 17:29:57] /***************************Start Configuration***************************/
[Info] [2024-1-10 17:29:57] Path: D:/software/pango2022.1/PDS_2022.1/bin
[Info] [2024-1-10 17:29:57] Version: 99559
[Info] [2024-1-10 17:29:58] Current Path: D:/admin/desktop/voice_loop_2l50
[Info] [2024-1-10 17:29:58] PDS Dir Path: D:/admin/desktop/voice_loop_2l50
[Info] [2024-1-10 17:30:00] Configuration is not connect with server. connect first then scan chain.
[Debug] [2024-1-10 17:30:00] Client Local host name:DESKTOP-NTRMANG
[Debug] [2024-1-10 17:30:00] Client Local Address:192.168.3.80
[Debug] [2024-1-10 17:30:00] Server Address:127.0.0.1, Port:65420
[Info] [2024-1-10 17:30:00] Connect OK, Server: 127.0.0.1  Port: 65420
[Debug] [2024-1-10 17:30:00] Finish.
[Info] [2024-1-10 17:30:00] Connect server succeeded
[Debug] [2024-1-10 17:30:00] Send RPC:1
[Debug] [2024-1-10 17:30:00] Send cmd [check version information:40005] OK
[Debug] [2024-1-10 17:30:00] Send RPC:2
[Debug] [2024-1-10 17:30:00] Send cmd [get_cable_paras:40011] OK
[Debug] [2024-1-10 17:30:00] Begin to send initialize chain cmd...
[Debug] [2024-1-10 17:30:00] Send RPC:3
[Debug] [2024-1-10 17:30:00] Send cmd [Open config cable:20001] OK
[Debug] [2024-1-10 17:30:00] End to send initialize chain cmd.
[Debug] [2024-1-10 17:30:00] COMMAND[check version information] execute successfully, takes 0.0 secs.
[Debug] [2024-1-10 17:30:01] COMMAND[get_cable_paras] execute successfully, takes 0.8 secs.
[Debug] [2024-1-10 17:30:01] begin the exec of open cable cmd...
[Debug] [2024-1-10 17:30:01] Begin to deal with chain from server...
[Debug] [2024-1-10 17:30:01] Begin to set user chain...
[Debug] [2024-1-10 17:30:01] End to set user chain.
[Debug] [2024-1-10 17:30:01] Begin to update graphic item and tree item ...
[Debug] [2024-1-10 17:30:01] End to update graphic item and tree item ...
[Info] [2024-1-10 17:30:03] set OpenLastPath: D:/admin/desktop/voice_loop_2l50/generate_bitstream/voice_loop_test.sbit
[Debug] [2024-1-10 17:30:03] begin to get device info from CFG file...
[Debug] [2024-1-10 17:30:03] end to get device info from CFG file...
[Debug] [2024-1-10 17:30:03] Begin to update graphic item and tree item ...
[Debug] [2024-1-10 17:30:03] End to update graphic item and tree item ...
[Debug] [2024-1-10 17:30:03] End to deal wiht chain from server.
[Debug] [2024-1-10 17:30:03] end the exec of open cable cmd.
[Debug] [2024-1-10 17:30:03] COMMAND[Open config cable] execute successfully, takes 3.0 secs.
[Debug] [2024-1-10 17:30:04] Begin to send programming cmd...
[Debug] [2024-1-10 17:30:04] Send RPC:4
[Debug] [2024-1-10 17:30:04] Begin to send program data.
[Debug] [2024-1-10 17:30:04] End to send program data.
[Debug] [2024-1-10 17:30:04] Send cmd [Program:20002] OK
[Debug] [2024-1-10 17:30:05] The value of Progress is 6
[Debug] [2024-1-10 17:30:05] The value of Progress is 10
[Debug] [2024-1-10 17:30:05] The value of Progress is 15
[Debug] [2024-1-10 17:30:05] The value of Progress is 20
[Debug] [2024-1-10 17:30:05] The value of Progress is 25
[Debug] [2024-1-10 17:30:05] The value of Progress is 30
[Debug] [2024-1-10 17:30:05] The value of Progress is 35
[Debug] [2024-1-10 17:30:05] The value of Progress is 40
[Debug] [2024-1-10 17:30:05] The value of Progress is 45
[Debug] [2024-1-10 17:30:06] The value of Progress is 50
[Debug] [2024-1-10 17:30:06] The value of Progress is 55
[Debug] [2024-1-10 17:30:06] The value of Progress is 60
[Debug] [2024-1-10 17:30:06] The value of Progress is 65
[Debug] [2024-1-10 17:30:06] The value of Progress is 70
[Debug] [2024-1-10 17:30:06] The value of Progress is 75
[Debug] [2024-1-10 17:30:06] The value of Progress is 80
[Debug] [2024-1-10 17:30:06] The value of Progress is 85
[Debug] [2024-1-10 17:30:06] The value of Progress is 90
[Debug] [2024-1-10 17:30:06] The value of Progress is 95
[Debug] [2024-1-10 17:30:06] The value of Progress is 100
[Debug] [2024-1-10 17:30:07] COMMAND[Program] execute successfully, takes 2.2 secs.
[Debug] [2024-1-10 17:30:07] End to send programming cmd.
[Info] [2024-1-10 17:34:50] /***************************End Configration***************************/
[Info] [2024-1-16 13:54:21] /***************************Start Configuration***************************/
[Info] [2024-1-16 13:54:21] Path: D:/software/pango2022.1/PDS_2022.1/bin
[Info] [2024-1-16 13:54:21] Version: 99559
[Info] [2024-1-16 13:54:22] Current Path: D:/admin/desktop/voice_loop_50
[Info] [2024-1-16 13:54:22] PDS Dir Path: D:/admin/desktop/voice_loop_50
[Info] [2024-1-16 13:54:26] Configuration is not connect with server. connect first then scan chain.
[Debug] [2024-1-16 13:54:26] Client Local host name:DESKTOP-NTRMANG
[Debug] [2024-1-16 13:54:26] Client Local Address:192.168.3.80
[Debug] [2024-1-16 13:54:26] Server Address:127.0.0.1, Port:65420
[Info] [2024-1-16 13:54:27] Connect OK, Server: 127.0.0.1  Port: 65420
[Debug] [2024-1-16 13:54:27] Finish.
[Info] [2024-1-16 13:54:27] Connect server succeeded
[Debug] [2024-1-16 13:54:27] Send RPC:1
[Debug] [2024-1-16 13:54:27] Send cmd [check version information:40005] OK
[Debug] [2024-1-16 13:54:27] Send RPC:2
[Debug] [2024-1-16 13:54:27] Send cmd [get_cable_paras:40011] OK
[Debug] [2024-1-16 13:54:27] Begin to send initialize chain cmd...
[Debug] [2024-1-16 13:54:27] Send RPC:3
[Debug] [2024-1-16 13:54:27] Send cmd [Open config cable:20001] OK
[Debug] [2024-1-16 13:54:27] End to send initialize chain cmd.
[Debug] [2024-1-16 13:54:27] COMMAND[check version information] execute successfully, takes 0.0 secs.
[Debug] [2024-1-16 13:54:27] COMMAND[get_cable_paras] execute successfully, takes 0.7 secs.
[Debug] [2024-1-16 13:54:28] begin the exec of open cable cmd...
[Debug] [2024-1-16 13:54:28] Begin to deal with chain from server...
[Debug] [2024-1-16 13:54:28] Begin to set user chain...
[Debug] [2024-1-16 13:54:28] End to set user chain.
[Debug] [2024-1-16 13:54:28] Begin to update graphic item and tree item ...
[Debug] [2024-1-16 13:54:28] End to update graphic item and tree item ...
[Info] [2024-1-16 13:54:30] set OpenLastPath: D:/admin/desktop/voice_loop_50/generate_bitstream/voice_loop_test.sbit
[Debug] [2024-1-16 13:54:30] begin to get device info from CFG file...
[Debug] [2024-1-16 13:54:30] end to get device info from CFG file...
[Debug] [2024-1-16 13:54:30] Begin to update graphic item and tree item ...
[Debug] [2024-1-16 13:54:30] End to update graphic item and tree item ...
[Debug] [2024-1-16 13:54:30] End to deal wiht chain from server.
[Debug] [2024-1-16 13:54:30] end the exec of open cable cmd.
[Debug] [2024-1-16 13:54:30] COMMAND[Open config cable] execute successfully, takes 3.7 secs.
[Debug] [2024-1-16 13:54:33] Begin to send programming cmd...
[Debug] [2024-1-16 13:54:33] Send RPC:4
[Debug] [2024-1-16 13:54:33] Begin to send program data.
[Debug] [2024-1-16 13:54:33] End to send program data.
[Debug] [2024-1-16 13:54:33] Send cmd [Program:20002] OK
[Debug] [2024-1-16 13:54:33] The value of Progress is 6
[Debug] [2024-1-16 13:54:33] The value of Progress is 10
[Debug] [2024-1-16 13:54:33] The value of Progress is 15
[Debug] [2024-1-16 13:54:33] The value of Progress is 20
[Debug] [2024-1-16 13:54:33] The value of Progress is 25
[Debug] [2024-1-16 13:54:34] The value of Progress is 30
[Debug] [2024-1-16 13:54:34] The value of Progress is 35
[Debug] [2024-1-16 13:54:34] The value of Progress is 40
[Debug] [2024-1-16 13:54:34] The value of Progress is 45
[Debug] [2024-1-16 13:54:34] The value of Progress is 50
[Debug] [2024-1-16 13:54:34] The value of Progress is 55
[Debug] [2024-1-16 13:54:34] The value of Progress is 60
[Debug] [2024-1-16 13:54:34] The value of Progress is 65
[Debug] [2024-1-16 13:54:34] The value of Progress is 70
[Debug] [2024-1-16 13:54:34] The value of Progress is 75
[Debug] [2024-1-16 13:54:34] The value of Progress is 80
[Debug] [2024-1-16 13:54:34] The value of Progress is 85
[Debug] [2024-1-16 13:54:35] The value of Progress is 90
[Debug] [2024-1-16 13:54:35] The value of Progress is 95
[Debug] [2024-1-16 13:54:35] The value of Progress is 100
[Debug] [2024-1-16 13:54:35] COMMAND[Program] execute successfully, takes 2.0 secs.
[Debug] [2024-1-16 13:54:35] End to send programming cmd.
[Debug] [2024-1-16 13:57:41] Begin to send programming cmd...
[Debug] [2024-1-16 13:57:41] Send RPC:5
[Debug] [2024-1-16 13:57:41] Begin to send program data.
[Debug] [2024-1-16 13:57:41] End to send program data.
[Debug] [2024-1-16 13:57:41] Send cmd [Program:20002] OK
[Debug] [2024-1-16 13:57:42] The value of Progress is 6
[Debug] [2024-1-16 13:57:42] The value of Progress is 10
[Debug] [2024-1-16 13:57:42] The value of Progress is 15
[Debug] [2024-1-16 13:57:42] The value of Progress is 20
[Debug] [2024-1-16 13:57:42] The value of Progress is 25
[Debug] [2024-1-16 13:57:42] The value of Progress is 30
[Debug] [2024-1-16 13:57:42] The value of Progress is 35
[Debug] [2024-1-16 13:57:42] The value of Progress is 40
[Debug] [2024-1-16 13:57:42] The value of Progress is 45
[Debug] [2024-1-16 13:57:43] The value of Progress is 50
[Debug] [2024-1-16 13:57:43] The value of Progress is 55
[Debug] [2024-1-16 13:57:43] The value of Progress is 60
[Debug] [2024-1-16 13:57:43] The value of Progress is 65
[Debug] [2024-1-16 13:57:43] The value of Progress is 70
[Debug] [2024-1-16 13:57:43] The value of Progress is 75
[Debug] [2024-1-16 13:57:43] The value of Progress is 80
[Debug] [2024-1-16 13:57:43] The value of Progress is 85
[Debug] [2024-1-16 13:57:43] The value of Progress is 90
[Debug] [2024-1-16 13:57:43] The value of Progress is 95
[Debug] [2024-1-16 13:57:43] The value of Progress is 100
[Debug] [2024-1-16 13:57:44] COMMAND[Program] execute successfully, takes 2.3 secs.
[Debug] [2024-1-16 13:57:44] End to send programming cmd.
[Debug] [2024-1-16 14:11:40] Begin to send programming cmd...
[Debug] [2024-1-16 14:11:40] Send RPC:6
[Debug] [2024-1-16 14:11:40] Begin to send program data.
[Debug] [2024-1-16 14:11:40] End to send program data.
[Debug] [2024-1-16 14:11:40] Send cmd [Program:20002] OK
[Debug] [2024-1-16 14:11:40] The value of Progress is 6
[Debug] [2024-1-16 14:11:40] The value of Progress is 10
[Debug] [2024-1-16 14:11:40] The value of Progress is 15
[Debug] [2024-1-16 14:11:40] The value of Progress is 20
[Debug] [2024-1-16 14:11:40] The value of Progress is 25
[Debug] [2024-1-16 14:11:41] The value of Progress is 30
[Debug] [2024-1-16 14:11:41] The value of Progress is 35
[Debug] [2024-1-16 14:11:41] The value of Progress is 40
[Debug] [2024-1-16 14:11:41] The value of Progress is 45
[Debug] [2024-1-16 14:11:41] The value of Progress is 50
[Debug] [2024-1-16 14:11:41] The value of Progress is 55
[Debug] [2024-1-16 14:11:41] The value of Progress is 60
[Debug] [2024-1-16 14:11:41] The value of Progress is 65
[Debug] [2024-1-16 14:11:41] The value of Progress is 70
[Debug] [2024-1-16 14:11:41] The value of Progress is 75
[Debug] [2024-1-16 14:11:41] The value of Progress is 80
[Debug] [2024-1-16 14:11:42] The value of Progress is 85
[Debug] [2024-1-16 14:11:42] The value of Progress is 90
[Debug] [2024-1-16 14:11:42] The value of Progress is 95
[Debug] [2024-1-16 14:11:42] The value of Progress is 100
[Debug] [2024-1-16 14:11:42] COMMAND[Program] execute successfully, takes 2.1 secs.
[Debug] [2024-1-16 14:11:42] End to send programming cmd.
[Debug] [2024-1-16 14:47:56] Begin to send programming cmd...
[Debug] [2024-1-16 14:47:56] Send RPC:7
[Debug] [2024-1-16 14:47:56] Begin to send program data.
[Debug] [2024-1-16 14:47:56] End to send program data.
[Debug] [2024-1-16 14:47:56] Send cmd [Program:20002] OK
[Debug] [2024-1-16 14:47:57] The value of Progress is 6
[Debug] [2024-1-16 14:47:57] The value of Progress is 10
[Debug] [2024-1-16 14:47:57] The value of Progress is 15
[Debug] [2024-1-16 14:47:57] The value of Progress is 20
[Debug] [2024-1-16 14:47:57] The value of Progress is 25
[Debug] [2024-1-16 14:47:57] The value of Progress is 30
[Debug] [2024-1-16 14:47:57] The value of Progress is 35
[Debug] [2024-1-16 14:47:57] The value of Progress is 40
[Debug] [2024-1-16 14:47:57] The value of Progress is 45
[Debug] [2024-1-16 14:47:57] The value of Progress is 50
[Debug] [2024-1-16 14:47:57] The value of Progress is 55
[Debug] [2024-1-16 14:47:57] The value of Progress is 60
[Debug] [2024-1-16 14:47:58] The value of Progress is 65
[Debug] [2024-1-16 14:47:58] The value of Progress is 70
[Debug] [2024-1-16 14:47:58] The value of Progress is 75
[Debug] [2024-1-16 14:47:58] The value of Progress is 80
[Debug] [2024-1-16 14:47:58] The value of Progress is 85
[Debug] [2024-1-16 14:47:58] The value of Progress is 90
[Debug] [2024-1-16 14:47:58] The value of Progress is 95
[Debug] [2024-1-16 14:47:58] The value of Progress is 100
[Debug] [2024-1-16 14:47:58] COMMAND[Program] execute successfully, takes 2.3 secs.
[Debug] [2024-1-16 14:47:58] End to send programming cmd.
[Debug] [2024-1-16 14:48:17] Begin to send programming cmd...
[Debug] [2024-1-16 14:48:17] Send RPC:8
[Debug] [2024-1-16 14:48:17] Begin to send program data.
[Debug] [2024-1-16 14:48:17] End to send program data.
[Debug] [2024-1-16 14:48:17] Send cmd [Program:20002] OK
[Debug] [2024-1-16 14:48:17] The value of Progress is 6
[Debug] [2024-1-16 14:48:17] The value of Progress is 10
[Debug] [2024-1-16 14:48:17] The value of Progress is 15
[Debug] [2024-1-16 14:48:17] The value of Progress is 20
[Debug] [2024-1-16 14:48:18] The value of Progress is 25
[Debug] [2024-1-16 14:48:18] The value of Progress is 30
[Debug] [2024-1-16 14:48:18] The value of Progress is 35
[Debug] [2024-1-16 14:48:18] The value of Progress is 40
[Debug] [2024-1-16 14:48:18] The value of Progress is 45
[Debug] [2024-1-16 14:48:18] The value of Progress is 50
[Debug] [2024-1-16 14:48:18] The value of Progress is 55
[Debug] [2024-1-16 14:48:18] The value of Progress is 60
[Debug] [2024-1-16 14:48:18] The value of Progress is 65
[Debug] [2024-1-16 14:48:18] The value of Progress is 70
[Debug] [2024-1-16 14:48:18] The value of Progress is 75
[Debug] [2024-1-16 14:48:18] The value of Progress is 80
[Debug] [2024-1-16 14:48:19] The value of Progress is 85
[Debug] [2024-1-16 14:48:19] The value of Progress is 90
[Debug] [2024-1-16 14:48:19] The value of Progress is 95
[Debug] [2024-1-16 14:48:19] The value of Progress is 100
[Debug] [2024-1-16 14:48:19] COMMAND[Program] execute successfully, takes 2.0 secs.
[Debug] [2024-1-16 14:48:19] End to send programming cmd.
[Debug] [2024-1-16 14:48:59] Begin to send programming cmd...
[Debug] [2024-1-16 14:48:59] Send RPC:9
[Debug] [2024-1-16 14:48:59] Begin to send program data.
[Debug] [2024-1-16 14:48:59] End to send program data.
[Debug] [2024-1-16 14:48:59] Send cmd [Program:20002] OK
[Debug] [2024-1-16 14:49:00] The value of Progress is 6
[Debug] [2024-1-16 14:49:00] The value of Progress is 10
[Debug] [2024-1-16 14:49:00] The value of Progress is 15
[Debug] [2024-1-16 14:49:00] The value of Progress is 20
[Debug] [2024-1-16 14:49:00] The value of Progress is 25
[Debug] [2024-1-16 14:49:00] The value of Progress is 30
[Debug] [2024-1-16 14:49:00] The value of Progress is 35
[Debug] [2024-1-16 14:49:00] The value of Progress is 40
[Debug] [2024-1-16 14:49:00] The value of Progress is 45
[Debug] [2024-1-16 14:49:00] The value of Progress is 50
[Debug] [2024-1-16 14:49:00] The value of Progress is 55
[Debug] [2024-1-16 14:49:01] The value of Progress is 60
[Debug] [2024-1-16 14:49:01] The value of Progress is 65
[Debug] [2024-1-16 14:49:01] The value of Progress is 70
[Debug] [2024-1-16 14:49:01] The value of Progress is 75
[Debug] [2024-1-16 14:49:01] The value of Progress is 80
[Debug] [2024-1-16 14:49:01] The value of Progress is 85
[Debug] [2024-1-16 14:49:01] The value of Progress is 90
[Debug] [2024-1-16 14:49:01] The value of Progress is 95
[Debug] [2024-1-16 14:49:01] The value of Progress is 100
[Debug] [2024-1-16 14:49:01] COMMAND[Program] execute successfully, takes 2.0 secs.
[Debug] [2024-1-16 14:49:01] End to send programming cmd.
[Info] [2024-1-16 15:19:27] /***************************End Configration***************************/
[Info] [2024-1-16 15:23:15] /***************************Start Configuration***************************/
[Info] [2024-1-16 15:23:15] Path: D:/software/pango2022.1/PDS_2022.1/bin
[Info] [2024-1-16 15:23:15] Version: 99559
[Info] [2024-1-16 15:23:16] Current Path: D:/admin/desktop/voice_loop_50
[Info] [2024-1-16 15:23:16] PDS Dir Path: D:/admin/desktop/voice_loop_50
[Info] [2024-1-16 15:23:18] Configuration is not connect with server. connect first then scan chain.
[Debug] [2024-1-16 15:23:18] Client Local host name:DESKTOP-NTRMANG
[Debug] [2024-1-16 15:23:18] Client Local Address:192.168.3.80
[Debug] [2024-1-16 15:23:18] Server Address:127.0.0.1, Port:65420
[Info] [2024-1-16 15:23:19] Connect OK, Server: 127.0.0.1  Port: 65420
[Debug] [2024-1-16 15:23:19] Finish.
[Info] [2024-1-16 15:23:19] Connect server succeeded
[Debug] [2024-1-16 15:23:19] Send RPC:1
[Debug] [2024-1-16 15:23:19] Send cmd [check version information:40005] OK
[Debug] [2024-1-16 15:23:19] Send RPC:2
[Debug] [2024-1-16 15:23:19] Send cmd [get_cable_paras:40011] OK
[Debug] [2024-1-16 15:23:19] Begin to send initialize chain cmd...
[Debug] [2024-1-16 15:23:19] Send RPC:3
[Debug] [2024-1-16 15:23:19] Send cmd [Open config cable:20001] OK
[Debug] [2024-1-16 15:23:19] End to send initialize chain cmd.
[Debug] [2024-1-16 15:23:19] COMMAND[check version information] execute successfully, takes 0.0 secs.
[Debug] [2024-1-16 15:23:19] COMMAND[get_cable_paras] execute successfully, takes 0.8 secs.
[Debug] [2024-1-16 15:23:20] begin the exec of open cable cmd...
[Debug] [2024-1-16 15:23:20] Begin to deal with chain from server...
[Debug] [2024-1-16 15:23:20] Begin to set user chain...
[Debug] [2024-1-16 15:23:20] End to set user chain.
[Debug] [2024-1-16 15:23:20] Begin to update graphic item and tree item ...
[Debug] [2024-1-16 15:23:20] End to update graphic item and tree item ...
[Info] [2024-1-16 15:23:21] set OpenLastPath: D:/admin/desktop/voice_loop_50/generate_bitstream/voice_loop_test.sbit
[Debug] [2024-1-16 15:23:21] begin to get device info from CFG file...
[Debug] [2024-1-16 15:23:21] end to get device info from CFG file...
[Debug] [2024-1-16 15:23:21] Begin to update graphic item and tree item ...
[Debug] [2024-1-16 15:23:21] End to update graphic item and tree item ...
[Debug] [2024-1-16 15:23:21] End to deal wiht chain from server.
[Debug] [2024-1-16 15:23:21] end the exec of open cable cmd.
[Debug] [2024-1-16 15:23:21] COMMAND[Open config cable] execute successfully, takes 2.8 secs.
[Debug] [2024-1-16 16:12:04] Begin to send programming cmd...
[Debug] [2024-1-16 16:12:04] Send RPC:4
[Debug] [2024-1-16 16:12:04] Begin to send program data.
[Debug] [2024-1-16 16:12:04] End to send program data.
[Debug] [2024-1-16 16:12:04] Send cmd [Program:20002] OK
[Debug] [2024-1-16 16:12:04] The value of Progress is 6
[Debug] [2024-1-16 16:12:04] The value of Progress is 10
[Debug] [2024-1-16 16:12:05] The value of Progress is 15
[Debug] [2024-1-16 16:12:05] The value of Progress is 20
[Debug] [2024-1-16 16:12:05] The value of Progress is 25
[Debug] [2024-1-16 16:12:05] The value of Progress is 30
[Debug] [2024-1-16 16:12:05] The value of Progress is 35
[Debug] [2024-1-16 16:12:05] The value of Progress is 40
[Debug] [2024-1-16 16:12:05] The value of Progress is 45
[Debug] [2024-1-16 16:12:05] The value of Progress is 50
[Debug] [2024-1-16 16:12:05] The value of Progress is 55
[Debug] [2024-1-16 16:12:05] The value of Progress is 60
[Debug] [2024-1-16 16:12:05] The value of Progress is 65
[Debug] [2024-1-16 16:12:05] The value of Progress is 70
[Debug] [2024-1-16 16:12:06] The value of Progress is 75
[Debug] [2024-1-16 16:12:06] The value of Progress is 80
[Debug] [2024-1-16 16:12:06] The value of Progress is 85
[Debug] [2024-1-16 16:12:06] The value of Progress is 90
[Debug] [2024-1-16 16:12:06] The value of Progress is 95
[Debug] [2024-1-16 16:12:06] The value of Progress is 100
[Debug] [2024-1-16 16:12:06] COMMAND[Program] execute successfully, takes 2.0 secs.
[Debug] [2024-1-16 16:12:06] End to send programming cmd.
[Info] [2024-1-16 17:03:32] /***************************End Configration***************************/
[Info] [2024-1-16 17:59:50] /***************************Start Configuration***************************/
[Info] [2024-1-16 17:59:50] Path: D:/software/pango2022.1/PDS_2022.1/bin
[Info] [2024-1-16 17:59:50] Version: 99559
[Info] [2024-1-16 17:59:51] Current Path: D:/admin/desktop/voice_loop_50
[Info] [2024-1-16 17:59:51] PDS Dir Path: D:/admin/desktop/voice_loop_50
[Info] [2024-1-16 17:59:54] Configuration is not connect with server. connect first then scan chain.
[Debug] [2024-1-16 17:59:54] Client Local host name:DESKTOP-NTRMANG
[Debug] [2024-1-16 17:59:54] Client Local Address:192.168.3.80
[Debug] [2024-1-16 17:59:54] Server Address:127.0.0.1, Port:65420
[Info] [2024-1-16 17:59:54] Connect OK, Server: 127.0.0.1  Port: 65420
[Debug] [2024-1-16 17:59:54] Finish.
[Info] [2024-1-16 17:59:54] Connect server succeeded
[Debug] [2024-1-16 17:59:54] Send RPC:1
[Debug] [2024-1-16 17:59:54] Send cmd [check version information:40005] OK
[Debug] [2024-1-16 17:59:54] Send RPC:2
[Debug] [2024-1-16 17:59:54] Send cmd [get_cable_paras:40011] OK
[Debug] [2024-1-16 17:59:54] Begin to send initialize chain cmd...
[Debug] [2024-1-16 17:59:54] Send RPC:3
[Debug] [2024-1-16 17:59:54] Send cmd [Open config cable:20001] OK
[Debug] [2024-1-16 17:59:54] End to send initialize chain cmd.
[Debug] [2024-1-16 17:59:54] COMMAND[check version information] execute successfully, takes 0.0 secs.
[Debug] [2024-1-16 17:59:55] COMMAND[get_cable_paras] execute successfully, takes 0.8 secs.
[Debug] [2024-1-16 17:59:56] begin the exec of open cable cmd...
[Debug] [2024-1-16 17:59:56] Begin to deal with chain from server...
[Debug] [2024-1-16 17:59:56] Begin to set user chain...
[Debug] [2024-1-16 17:59:56] End to set user chain.
[Debug] [2024-1-16 17:59:56] Begin to update graphic item and tree item ...
[Debug] [2024-1-16 17:59:56] End to update graphic item and tree item ...
[Info] [2024-1-16 17:59:58] set OpenLastPath: D:/admin/desktop/voice_loop_50/generate_bitstream/voice_loop_test.sbit
[Debug] [2024-1-16 17:59:58] begin to get device info from CFG file...
[Debug] [2024-1-16 17:59:58] end to get device info from CFG file...
[Debug] [2024-1-16 17:59:58] Begin to update graphic item and tree item ...
[Debug] [2024-1-16 17:59:58] End to update graphic item and tree item ...
[Debug] [2024-1-16 17:59:58] End to deal wiht chain from server.
[Debug] [2024-1-16 17:59:58] end the exec of open cable cmd.
[Debug] [2024-1-16 17:59:58] COMMAND[Open config cable] execute successfully, takes 3.4 secs.
[Debug] [2024-1-16 17:59:59] Begin to send programming cmd...
[Debug] [2024-1-16 17:59:59] Send RPC:4
[Debug] [2024-1-16 17:59:59] Begin to send program data.
[Debug] [2024-1-16 17:59:59] End to send program data.
[Debug] [2024-1-16 17:59:59] Send cmd [Program:20002] OK
[Debug] [2024-1-16 17:59:59] The value of Progress is 6
[Debug] [2024-1-16 17:59:59] The value of Progress is 10
[Debug] [2024-1-16 17:59:59] The value of Progress is 15
[Debug] [2024-1-16 17:59:59] The value of Progress is 20
[Debug] [2024-1-16 17:59:59] The value of Progress is 25
[Debug] [2024-1-16 17:59:59] The value of Progress is 30
[Debug] [2024-1-16 17:59:59] The value of Progress is 35
[Debug] [2024-1-16 18:00:00] The value of Progress is 40
[Debug] [2024-1-16 18:00:00] The value of Progress is 45
[Debug] [2024-1-16 18:00:00] The value of Progress is 50
[Debug] [2024-1-16 18:00:00] The value of Progress is 55
[Debug] [2024-1-16 18:00:00] The value of Progress is 60
[Debug] [2024-1-16 18:00:00] The value of Progress is 65
[Debug] [2024-1-16 18:00:00] The value of Progress is 70
[Debug] [2024-1-16 18:00:00] The value of Progress is 75
[Debug] [2024-1-16 18:00:00] The value of Progress is 80
[Debug] [2024-1-16 18:00:00] The value of Progress is 85
[Debug] [2024-1-16 18:00:00] The value of Progress is 90
[Debug] [2024-1-16 18:00:01] The value of Progress is 95
[Debug] [2024-1-16 18:00:01] The value of Progress is 100
[Debug] [2024-1-16 18:00:01] COMMAND[Program] execute successfully, takes 2.0 secs.
[Debug] [2024-1-16 18:00:01] End to send programming cmd.
[Debug] [2024-1-16 18:05:04] Begin to send programming cmd...
[Debug] [2024-1-16 18:05:04] Send RPC:5
[Debug] [2024-1-16 18:05:04] Begin to send program data.
[Debug] [2024-1-16 18:05:04] End to send program data.
[Debug] [2024-1-16 18:05:04] Send cmd [Program:20002] OK
[Debug] [2024-1-16 18:05:06] The value of Progress is 6
[Debug] [2024-1-16 18:05:07] The value of Progress is 10
[Debug] [2024-1-16 18:05:07] The value of Progress is 15
[Debug] [2024-1-16 18:05:07] The value of Progress is 20
[Debug] [2024-1-16 18:05:07] The value of Progress is 25
[Debug] [2024-1-16 18:05:07] The value of Progress is 30
[Debug] [2024-1-16 18:05:07] The value of Progress is 35
[Debug] [2024-1-16 18:05:07] The value of Progress is 40
[Debug] [2024-1-16 18:05:07] The value of Progress is 45
[Debug] [2024-1-16 18:05:07] The value of Progress is 50
[Debug] [2024-1-16 18:05:07] The value of Progress is 55
[Debug] [2024-1-16 18:05:07] The value of Progress is 60
[Debug] [2024-1-16 18:05:07] The value of Progress is 65
[Debug] [2024-1-16 18:05:08] The value of Progress is 70
[Debug] [2024-1-16 18:05:08] The value of Progress is 75
[Debug] [2024-1-16 18:05:08] The value of Progress is 80
[Debug] [2024-1-16 18:05:08] The value of Progress is 85
[Debug] [2024-1-16 18:05:08] The value of Progress is 90
[Debug] [2024-1-16 18:05:08] The value of Progress is 95
[Debug] [2024-1-16 18:05:08] The value of Progress is 100
[Debug] [2024-1-16 18:05:08] COMMAND[Program] execute successfully, takes 4.6 secs.
[Debug] [2024-1-16 18:05:08] End to send programming cmd.
[Debug] [2024-1-16 18:10:49] Begin to send programming cmd...
[Debug] [2024-1-16 18:10:49] Send RPC:6
[Debug] [2024-1-16 18:10:49] Begin to send program data.
[Debug] [2024-1-16 18:10:49] End to send program data.
[Debug] [2024-1-16 18:10:49] Send cmd [Program:20002] OK
[Debug] [2024-1-16 18:10:49] The value of Progress is 6
[Debug] [2024-1-16 18:10:50] The value of Progress is 10
[Debug] [2024-1-16 18:10:50] The value of Progress is 15
[Debug] [2024-1-16 18:10:50] The value of Progress is 20
[Debug] [2024-1-16 18:10:50] The value of Progress is 25
[Debug] [2024-1-16 18:10:50] The value of Progress is 30
[Debug] [2024-1-16 18:10:50] The value of Progress is 35
[Debug] [2024-1-16 18:10:50] The value of Progress is 40
[Debug] [2024-1-16 18:10:50] The value of Progress is 45
[Debug] [2024-1-16 18:10:50] The value of Progress is 50
[Debug] [2024-1-16 18:10:50] The value of Progress is 55
[Debug] [2024-1-16 18:10:50] The value of Progress is 60
[Debug] [2024-1-16 18:10:50] The value of Progress is 65
[Debug] [2024-1-16 18:10:51] The value of Progress is 70
[Debug] [2024-1-16 18:10:51] The value of Progress is 75
[Debug] [2024-1-16 18:10:51] The value of Progress is 80
[Debug] [2024-1-16 18:10:51] The value of Progress is 85
[Debug] [2024-1-16 18:10:51] The value of Progress is 90
[Debug] [2024-1-16 18:10:51] The value of Progress is 95
[Debug] [2024-1-16 18:10:51] The value of Progress is 100
[Debug] [2024-1-16 18:10:51] COMMAND[Program] execute successfully, takes 2.3 secs.
[Debug] [2024-1-16 18:10:51] End to send programming cmd.
[Debug] [2024-1-16 18:12:32] Begin to send programming cmd...
[Debug] [2024-1-16 18:12:32] Send RPC:7
[Debug] [2024-1-16 18:12:32] Begin to send program data.
[Debug] [2024-1-16 18:12:32] End to send program data.
[Debug] [2024-1-16 18:12:32] Send cmd [Program:20002] OK
[Debug] [2024-1-16 18:12:32] The value of Progress is 6
[Debug] [2024-1-16 18:12:32] The value of Progress is 10
[Debug] [2024-1-16 18:12:32] The value of Progress is 15
[Debug] [2024-1-16 18:12:32] The value of Progress is 20
[Debug] [2024-1-16 18:12:33] The value of Progress is 25
[Debug] [2024-1-16 18:12:33] The value of Progress is 30
[Debug] [2024-1-16 18:12:33] The value of Progress is 35
[Debug] [2024-1-16 18:12:33] The value of Progress is 40
[Debug] [2024-1-16 18:12:33] The value of Progress is 45
[Debug] [2024-1-16 18:12:33] The value of Progress is 50
[Debug] [2024-1-16 18:12:33] The value of Progress is 55
[Debug] [2024-1-16 18:12:33] The value of Progress is 60
[Debug] [2024-1-16 18:12:33] The value of Progress is 65
[Debug] [2024-1-16 18:12:33] The value of Progress is 70
[Debug] [2024-1-16 18:12:33] The value of Progress is 75
[Debug] [2024-1-16 18:12:33] The value of Progress is 80
[Debug] [2024-1-16 18:12:34] The value of Progress is 85
[Debug] [2024-1-16 18:12:34] The value of Progress is 90
[Debug] [2024-1-16 18:12:34] The value of Progress is 95
[Debug] [2024-1-16 18:12:34] The value of Progress is 100
[Debug] [2024-1-16 18:12:34] COMMAND[Program] execute successfully, takes 2.0 secs.
[Debug] [2024-1-16 18:12:34] End to send programming cmd.
[Debug] [2024-1-16 18:15:32] Begin to send programming cmd...
[Debug] [2024-1-16 18:15:32] Send RPC:8
[Debug] [2024-1-16 18:15:32] Begin to send program data.
[Debug] [2024-1-16 18:15:32] End to send program data.
[Debug] [2024-1-16 18:15:32] Send cmd [Program:20002] OK
[Debug] [2024-1-16 18:15:32] The value of Progress is 6
[Debug] [2024-1-16 18:15:32] The value of Progress is 10
[Debug] [2024-1-16 18:15:32] The value of Progress is 15
[Debug] [2024-1-16 18:15:32] The value of Progress is 20
[Debug] [2024-1-16 18:15:32] The value of Progress is 25
[Debug] [2024-1-16 18:15:32] The value of Progress is 30
[Debug] [2024-1-16 18:15:32] The value of Progress is 35
[Debug] [2024-1-16 18:15:32] The value of Progress is 40
[Debug] [2024-1-16 18:15:33] The value of Progress is 45
[Debug] [2024-1-16 18:15:33] The value of Progress is 50
[Debug] [2024-1-16 18:15:33] The value of Progress is 55
[Debug] [2024-1-16 18:15:33] The value of Progress is 60
[Debug] [2024-1-16 18:15:33] The value of Progress is 65
[Debug] [2024-1-16 18:15:33] The value of Progress is 70
[Debug] [2024-1-16 18:15:33] The value of Progress is 75
[Debug] [2024-1-16 18:15:33] The value of Progress is 80
[Debug] [2024-1-16 18:15:33] The value of Progress is 85
[Debug] [2024-1-16 18:15:33] The value of Progress is 90
[Debug] [2024-1-16 18:15:33] The value of Progress is 95
[Debug] [2024-1-16 18:15:34] The value of Progress is 100
[Debug] [2024-1-16 18:15:34] COMMAND[Program] execute successfully, takes 2.0 secs.
[Debug] [2024-1-16 18:15:34] End to send programming cmd.
[Info] [2024-1-16 18:25:52] /***************************End Configration***************************/
[Info] [2024-1-16 18:25:53] /***************************Start Configuration***************************/
[Info] [2024-1-16 18:25:53] Path: D:/software/pango2022.1/PDS_2022.1/bin
[Info] [2024-1-16 18:25:53] Version: 99559
[Info] [2024-1-16 18:25:55] Current Path: D:/admin/desktop/voice_loop_50
[Info] [2024-1-16 18:25:55] PDS Dir Path: D:/admin/desktop/voice_loop_50
[Info] [2024-1-16 18:25:56] /***************************End Configration***************************/
[Info] [2024-1-16 18:26:08] /***************************Start Configuration***************************/
[Info] [2024-1-16 18:26:08] Path: D:/software/pango2022.1/PDS_2022.1/bin
[Info] [2024-1-16 18:26:08] Version: 99559
[Info] [2024-1-16 18:26:09] Current Path: D:/admin/desktop/voice_loop_50
[Info] [2024-1-16 18:26:09] PDS Dir Path: D:/admin/desktop/voice_loop_50
[Info] [2024-1-16 18:26:11] Configuration is not connect with server. connect first then scan chain.
[Debug] [2024-1-16 18:26:11] Client Local host name:DESKTOP-NTRMANG
[Debug] [2024-1-16 18:26:11] Client Local Address:192.168.3.80
[Debug] [2024-1-16 18:26:11] Server Address:127.0.0.1, Port:65420
[Info] [2024-1-16 18:26:11] Connect OK, Server: 127.0.0.1  Port: 65420
[Debug] [2024-1-16 18:26:11] Finish.
[Info] [2024-1-16 18:26:11] Connect server succeeded
[Debug] [2024-1-16 18:26:11] Send RPC:1
[Debug] [2024-1-16 18:26:11] Send cmd [check version information:40005] OK
[Debug] [2024-1-16 18:26:11] Send RPC:2
[Debug] [2024-1-16 18:26:11] Send cmd [get_cable_paras:40011] OK
[Debug] [2024-1-16 18:26:11] Begin to send initialize chain cmd...
[Debug] [2024-1-16 18:26:11] Send RPC:3
[Debug] [2024-1-16 18:26:11] Send cmd [Open config cable:20001] OK
[Debug] [2024-1-16 18:26:11] End to send initialize chain cmd.
[Debug] [2024-1-16 18:26:11] COMMAND[check version information] execute successfully, takes 0.0 secs.
[Debug] [2024-1-16 18:26:12] COMMAND[get_cable_paras] execute successfully, takes 0.8 secs.
[Debug] [2024-1-16 18:26:12] begin the exec of open cable cmd...
[Debug] [2024-1-16 18:26:12] Begin to deal with chain from server...
[Debug] [2024-1-16 18:26:12] Begin to set user chain...
[Debug] [2024-1-16 18:26:12] End to set user chain.
[Debug] [2024-1-16 18:26:12] Begin to update graphic item and tree item ...
[Debug] [2024-1-16 18:26:12] End to update graphic item and tree item ...
[Info] [2024-1-16 18:26:17] set OpenLastPath: D:/admin/desktop/voice_loop_50/generate_bitstream/voice_loop_test.sbit
[Debug] [2024-1-16 18:26:17] begin to get device info from CFG file...
[Debug] [2024-1-16 18:26:17] end to get device info from CFG file...
[Debug] [2024-1-16 18:26:17] Begin to update graphic item and tree item ...
[Debug] [2024-1-16 18:26:17] End to update graphic item and tree item ...
[Debug] [2024-1-16 18:26:17] End to deal wiht chain from server.
[Debug] [2024-1-16 18:26:17] end the exec of open cable cmd.
[Debug] [2024-1-16 18:26:17] COMMAND[Open config cable] execute successfully, takes 5.9 secs.
[Debug] [2024-1-16 18:26:19] Begin to send programming cmd...
[Debug] [2024-1-16 18:26:19] Send RPC:4
[Debug] [2024-1-16 18:26:19] Begin to send program data.
[Debug] [2024-1-16 18:26:19] End to send program data.
[Debug] [2024-1-16 18:26:19] Send cmd [Program:20002] OK
[Debug] [2024-1-16 18:26:19] The value of Progress is 6
[Debug] [2024-1-16 18:26:19] The value of Progress is 10
[Debug] [2024-1-16 18:26:19] The value of Progress is 15
[Debug] [2024-1-16 18:26:19] The value of Progress is 20
[Debug] [2024-1-16 18:26:19] The value of Progress is 25
[Debug] [2024-1-16 18:26:19] The value of Progress is 30
[Debug] [2024-1-16 18:26:20] The value of Progress is 35
[Debug] [2024-1-16 18:26:20] The value of Progress is 40
[Debug] [2024-1-16 18:26:20] The value of Progress is 45
[Debug] [2024-1-16 18:26:20] The value of Progress is 50
[Debug] [2024-1-16 18:26:20] The value of Progress is 55
[Debug] [2024-1-16 18:26:20] The value of Progress is 60
[Debug] [2024-1-16 18:26:20] The value of Progress is 65
[Debug] [2024-1-16 18:26:20] The value of Progress is 70
[Debug] [2024-1-16 18:26:20] The value of Progress is 75
[Debug] [2024-1-16 18:26:20] The value of Progress is 80
[Debug] [2024-1-16 18:26:20] The value of Progress is 85
[Debug] [2024-1-16 18:26:21] The value of Progress is 90
[Debug] [2024-1-16 18:26:21] The value of Progress is 95
[Debug] [2024-1-16 18:26:21] The value of Progress is 100
[Debug] [2024-1-16 18:26:21] COMMAND[Program] execute successfully, takes 2.0 secs.
[Debug] [2024-1-16 18:26:21] End to send programming cmd.
[Info] [2024-1-16 18:26:36] /***************************End Configration***************************/
[Info] [2024-1-16 18:26:45] /***************************Start Configuration***************************/
[Info] [2024-1-16 18:26:45] Path: D:/software/pango2022.1/PDS_2022.1/bin
[Info] [2024-1-16 18:26:45] Version: 99559
[Info] [2024-1-16 18:26:46] Current Path: D:/admin/desktop/voice_loop_50
[Info] [2024-1-16 18:26:46] PDS Dir Path: D:/admin/desktop/voice_loop_50
[Info] [2024-1-16 18:26:49] Configuration is not connect with server. connect first then scan chain.
[Debug] [2024-1-16 18:26:49] Client Local host name:DESKTOP-NTRMANG
[Debug] [2024-1-16 18:26:49] Client Local Address:192.168.3.80
[Debug] [2024-1-16 18:26:49] Server Address:127.0.0.1, Port:65420
[Info] [2024-1-16 18:26:49] Connect OK, Server: 127.0.0.1  Port: 65420
[Debug] [2024-1-16 18:26:49] Finish.
[Info] [2024-1-16 18:26:49] Connect server succeeded
[Debug] [2024-1-16 18:26:49] Send RPC:1
[Debug] [2024-1-16 18:26:49] Send cmd [check version information:40005] OK
[Debug] [2024-1-16 18:26:49] Send RPC:2
[Debug] [2024-1-16 18:26:49] Send cmd [get_cable_paras:40011] OK
[Debug] [2024-1-16 18:26:49] Begin to send initialize chain cmd...
[Debug] [2024-1-16 18:26:49] Send RPC:3
[Debug] [2024-1-16 18:26:49] Send cmd [Open config cable:20001] OK
[Debug] [2024-1-16 18:26:49] End to send initialize chain cmd.
[Debug] [2024-1-16 18:26:49] COMMAND[check version information] execute successfully, takes 0.0 secs.
[Debug] [2024-1-16 18:26:50] COMMAND[get_cable_paras] execute successfully, takes 0.8 secs.
[Debug] [2024-1-16 18:26:50] begin the exec of open cable cmd...
[Debug] [2024-1-16 18:26:50] Begin to deal with chain from server...
[Debug] [2024-1-16 18:26:50] Begin to set user chain...
[Debug] [2024-1-16 18:26:50] End to set user chain.
[Debug] [2024-1-16 18:26:50] Begin to update graphic item and tree item ...
[Debug] [2024-1-16 18:26:50] End to update graphic item and tree item ...
[Info] [2024-1-16 18:26:53] set OpenLastPath: D:/admin/desktop/voice_loop_50/generate_bitstream/voice_loop_test.sbit
[Debug] [2024-1-16 18:26:53] begin to get device info from CFG file...
[Debug] [2024-1-16 18:26:53] end to get device info from CFG file...
[Debug] [2024-1-16 18:26:53] Begin to update graphic item and tree item ...
[Debug] [2024-1-16 18:26:53] End to update graphic item and tree item ...
[Debug] [2024-1-16 18:26:53] End to deal wiht chain from server.
[Debug] [2024-1-16 18:26:53] end the exec of open cable cmd.
[Debug] [2024-1-16 18:26:53] COMMAND[Open config cable] execute successfully, takes 4.1 secs.
[Debug] [2024-1-16 18:26:55] Begin to send programming cmd...
[Debug] [2024-1-16 18:26:55] Send RPC:4
[Debug] [2024-1-16 18:26:55] Begin to send program data.
[Debug] [2024-1-16 18:26:55] End to send program data.
[Debug] [2024-1-16 18:26:55] Send cmd [Program:20002] OK
[Debug] [2024-1-16 18:26:55] The value of Progress is 6
[Debug] [2024-1-16 18:26:55] The value of Progress is 10
[Debug] [2024-1-16 18:26:55] The value of Progress is 15
[Debug] [2024-1-16 18:26:55] The value of Progress is 20
[Debug] [2024-1-16 18:26:56] The value of Progress is 25
[Debug] [2024-1-16 18:26:56] The value of Progress is 30
[Debug] [2024-1-16 18:26:56] The value of Progress is 35
[Debug] [2024-1-16 18:26:56] The value of Progress is 40
[Debug] [2024-1-16 18:26:56] The value of Progress is 45
[Debug] [2024-1-16 18:26:56] The value of Progress is 50
[Debug] [2024-1-16 18:26:56] The value of Progress is 55
[Debug] [2024-1-16 18:26:56] The value of Progress is 60
[Debug] [2024-1-16 18:26:56] The value of Progress is 65
[Debug] [2024-1-16 18:26:56] The value of Progress is 70
[Debug] [2024-1-16 18:26:56] The value of Progress is 75
[Debug] [2024-1-16 18:26:57] The value of Progress is 80
[Debug] [2024-1-16 18:26:57] The value of Progress is 85
[Debug] [2024-1-16 18:26:57] The value of Progress is 90
[Debug] [2024-1-16 18:26:57] The value of Progress is 95
[Debug] [2024-1-16 18:26:57] The value of Progress is 100
[Debug] [2024-1-16 18:26:57] COMMAND[Program] execute successfully, takes 2.0 secs.
[Debug] [2024-1-16 18:26:57] End to send programming cmd.
[Info] [2024-1-16 18:28:45] /***************************End Configration***************************/
[Info] [2024-1-16 18:28:56] /***************************Start Configuration***************************/
[Info] [2024-1-16 18:28:56] Path: D:/software/pango2022.1/PDS_2022.1/bin
[Info] [2024-1-16 18:28:56] Version: 99559
[Info] [2024-1-16 18:28:57] Current Path: D:/admin/desktop/voice_loop_50
[Info] [2024-1-16 18:28:57] PDS Dir Path: D:/admin/desktop/voice_loop_50
[Info] [2024-1-16 18:28:59] /***************************End Configration***************************/
