#Build: Fabric Inserter 2022.2-SP1-Lite, Build 132640, Aug 18 14:57 2023
#Install: C:\pango\PDS_2022.2-SP1-Lite\bin
#Application name: cdt_ins.exe
#OS: Windows 10 10.0.22635
#Hostname: shxuuer
Generated by Fabric Inserter (version 2022.2-SP1-Lite build 132640) at Fri Apr 19 23:39:46 2024
*************************************************************************
*
*  Parsing design. Please be patient as this can take several minutes.
*
*************************************************************************
Compiling architecture definition.
Loading technology operator library.
Compiling technology operator library.
Compiling technology operator (valence) library.
W: Adm-4001: Attribute 'syn_encoding' is not supported. It is ignored.
W: Adm-4001: Attribute 'syn_encoding' is not supported. It is ignored.
W: Adm-4001: Attribute 'syn_encoding' is not supported. It is ignored.
W: Adm-4001: Attribute 'syn_encoding' is not supported. It is ignored.
W: Adm-4001: Attribute 'syn_encoding' is not supported. It is ignored.
W: Adm-4001: Attribute 'syn_encoding' is not supported. It is ignored.
Compiling file 'C:/Users/a2711/Desktop/voice_loop_50/synthesize/voice_loop_test_syn.adf' successful.
Creating module hierarchy.
Collecting net information.
*************************************************************************
*
*  Design Parsing Done.
*
*************************************************************************
Read project 'C:/Users/a2711/Desktop/voice_loop_50/synthesize/voice_loop_test_syn.fic' Successfully.
M_PROCESS_FINISH_STARTED

