#Build: Fabric Compiler 2022.2-SP1-Lite, Build 132640, Aug 18 15:12 2023
#Install: C:\pango\PDS_2022.2-SP1-Lite\bin
#Application name: pds_shell.exe
#OS: Windows 10 10.0.22635
#Hostname: shxuuer
Generated by Fabric Compiler (version 2022.2-SP1-Lite build 132640) at Sat Apr 20 00:00:06 2024
Compiling verification operator library.
Compiling common defs.
Compiling prim grid devices.
Compiling gate devices.
Compiling gate operators.
Building architecture model.
Loading device packaging model.
Reading design from DB.
Start Generating Programming File...
Reading design from DB takes 0.187500 sec.
Generating architecture configuration.
The bitstream file is "C:/Users/a2711/Desktop/voice_loop_50/generate_bitstream/voice_loop_test.sbit"
Generate programming file takes 4.984375 sec.
Generating Programming File done.
Action gen_bit_stream: Real time elapsed is 0h:0m:13s
Action gen_bit_stream: CPU time elapsed is 0h:0m:12s
Action gen_bit_stream: Process CPU time elapsed is 0h:0m:12s
Current time: Sat Apr 20 00:00:17 2024
Action gen_bit_stream: Peak memory pool usage is 678 MB
