#Build: Fabric Compiler 2022.1, Build 99559, Jul 12 00:20 2022
#Install: D:\software\pango2022.1\PDS_2022.1\bin
#Application name: pds_shell.exe
#OS: Windows 10 10.0.22621
#Hostname: DESKTOP-NTRMANG
Generated by Fabric Compiler (version 2022.1 build 99559) at Tue Jan 16 18:41:36 2024
Compiling verification operator library.
Compiling common defs.
Compiling prim grid devices.
Compiling gate devices.
Compiling gate operators.
Building architecture model.
Loading device packaging model.
Reading design from DB.
Start Generating Programming File...
Reading design from DB takes 0.187500 sec.
Generating architecture configuration.
The bitstream file is "D:/admin/desktop/voice_loop_50/generate_bitstream/voice_loop_test.sbit"
Generate programming file takes 4.812500 sec.
Generating Programming File done.
Action gen_bit_stream: Real time elapsed is 0h:0m:10s
Action gen_bit_stream: CPU time elapsed is 0h:0m:7s
Action gen_bit_stream: Process CPU time elapsed is 0h:0m:7s
Current time: Tue Jan 16 18:41:44 2024
Action gen_bit_stream: Peak memory pool usage is 621 MB
