#Build: Fabric Compiler 2022.1, Build 99559, Jul 12 00:20 2022
#Install: D:\software\pango2022.1\PDS_2022.1\bin
#Application name: pds_shell.exe
#OS: Windows 10 10.0.22621
#Hostname: DESKTOP-NTRMANG
Generated by Fabric Compiler (version 2022.1 build 99559) at Tue Jan 16 18:03:54 2024
Compiling verification operator library.
Compiling common defs.
Compiling prim grid devices.
Compiling gate devices.
Compiling gate operators.
Building architecture model.
Loading device packaging model.
Building architecture floorplan logic view.
Constraint check start.
Executing : def_port {es7243_sda} LOC=AB10 VCCIO=3.3 IOSTANDARD=LVCMOS33 DRIVE=8 SLEW=SLOW NONE=TRUE
Executing : def_port {es7243_sda} LOC=AB10 VCCIO=3.3 IOSTANDARD=LVCMOS33 DRIVE=8 SLEW=SLOW NONE=TRUE successfully
Executing : def_port {es8156_sda} LOC=AB8 VCCIO=3.3 IOSTANDARD=LVCMOS33 DRIVE=8 SLEW=SLOW NONE=TRUE
Executing : def_port {es8156_sda} LOC=AB8 VCCIO=3.3 IOSTANDARD=LVCMOS33 DRIVE=8 SLEW=SLOW NONE=TRUE successfully
Executing : def_port {adc_dac_int} LOC=B3 VCCIO=3.3 IOSTANDARD=LVCMOS33 DRIVE=8 SLEW=SLOW NONE=TRUE
Executing : def_port {adc_dac_int} LOC=B3 VCCIO=3.3 IOSTANDARD=LVCMOS33 DRIVE=8 SLEW=SLOW NONE=TRUE successfully
Executing : def_port {es0_mclk} LOC=V11 VCCIO=3.3 IOSTANDARD=LVCMOS33 DRIVE=8 SLEW=SLOW NONE=TRUE
Executing : def_port {es0_mclk} LOC=V11 VCCIO=3.3 IOSTANDARD=LVCMOS33 DRIVE=8 SLEW=SLOW NONE=TRUE successfully
Executing : def_port {es1_mclk} LOC=Y6 VCCIO=3.3 IOSTANDARD=LVCMOS33 DRIVE=8 SLEW=SLOW NONE=TRUE
Executing : def_port {es1_mclk} LOC=Y6 VCCIO=3.3 IOSTANDARD=LVCMOS33 DRIVE=8 SLEW=SLOW NONE=TRUE successfully
Executing : def_port {es1_sdout} LOC=AB5 VCCIO=3.3 IOSTANDARD=LVCMOS33 DRIVE=8 SLEW=SLOW NONE=TRUE
C: ConstraintEditor-2002: [D:/admin/desktop/voice_loop_50/device_map/voice_loop_test.pcf(line number: 8)] | Port es1_sdout has been placed at location AB5, whose type is share pin.
Executing : def_port {es1_sdout} LOC=AB5 VCCIO=3.3 IOSTANDARD=LVCMOS33 DRIVE=8 SLEW=SLOW NONE=TRUE successfully
Executing : def_port {es7243_scl} LOC=AA10 VCCIO=3.3 IOSTANDARD=LVCMOS33 DRIVE=8 SLEW=SLOW NONE=TRUE
Executing : def_port {es7243_scl} LOC=AA10 VCCIO=3.3 IOSTANDARD=LVCMOS33 DRIVE=8 SLEW=SLOW NONE=TRUE successfully
Executing : def_port {es8156_scl} LOC=AA8 VCCIO=3.3 IOSTANDARD=LVCMOS33 DRIVE=8 SLEW=SLOW NONE=TRUE
Executing : def_port {es8156_scl} LOC=AA8 VCCIO=3.3 IOSTANDARD=LVCMOS33 DRIVE=8 SLEW=SLOW NONE=TRUE successfully
Executing : def_port {lin_led} LOC=B2 VCCIO=3.3 IOSTANDARD=LVCMOS33 DRIVE=8 SLEW=SLOW NONE=TRUE
Executing : def_port {lin_led} LOC=B2 VCCIO=3.3 IOSTANDARD=LVCMOS33 DRIVE=8 SLEW=SLOW NONE=TRUE successfully
Executing : def_port {lout_led} LOC=A2 VCCIO=3.3 IOSTANDARD=LVCMOS33 DRIVE=8 SLEW=SLOW NONE=TRUE
Executing : def_port {lout_led} LOC=A2 VCCIO=3.3 IOSTANDARD=LVCMOS33 DRIVE=8 SLEW=SLOW NONE=TRUE successfully
Executing : def_port {es0_alrck} LOC=AB11 VCCIO=3.3 IOSTANDARD=LVCMOS33 NONE=TRUE
Executing : def_port {es0_alrck} LOC=AB11 VCCIO=3.3 IOSTANDARD=LVCMOS33 NONE=TRUE successfully
Executing : def_port {es0_dsclk} LOC=Y11 VCCIO=3.3 IOSTANDARD=LVCMOS33 NONE=TRUE
Executing : def_port {es0_dsclk} LOC=Y11 VCCIO=3.3 IOSTANDARD=LVCMOS33 NONE=TRUE successfully
Executing : def_port {es0_sdin} LOC=W11 VCCIO=3.3 IOSTANDARD=LVCMOS33 NONE=TRUE
Executing : def_port {es0_sdin} LOC=W11 VCCIO=3.3 IOSTANDARD=LVCMOS33 NONE=TRUE successfully
Executing : def_port {es1_dlrc} LOC=Y5 VCCIO=3.3 IOSTANDARD=LVCMOS33 NONE=TRUE
C: ConstraintEditor-2002: [D:/admin/desktop/voice_loop_50/device_map/voice_loop_test.pcf(line number: 16)] | Port es1_dlrc has been placed at location Y5, whose type is share pin.
Executing : def_port {es1_dlrc} LOC=Y5 VCCIO=3.3 IOSTANDARD=LVCMOS33 NONE=TRUE successfully
Executing : def_port {es1_dsclk} LOC=W6 VCCIO=3.3 IOSTANDARD=LVCMOS33 NONE=TRUE
Executing : def_port {es1_dsclk} LOC=W6 VCCIO=3.3 IOSTANDARD=LVCMOS33 NONE=TRUE successfully
Executing : def_port {es1_sdin} LOC=W8 VCCIO=3.3 IOSTANDARD=LVCMOS33 NONE=TRUE
Executing : def_port {es1_sdin} LOC=W8 VCCIO=3.3 IOSTANDARD=LVCMOS33 NONE=TRUE successfully
Executing : def_port {key} LOC=K18 VCCIO=3.3 IOSTANDARD=LVCMOS33 NONE=TRUE
C: ConstraintEditor-2002: [D:/admin/desktop/voice_loop_50/device_map/voice_loop_test.pcf(line number: 19)] | Port key has been placed at location K18, whose type is share pin.
Executing : def_port {key} LOC=K18 VCCIO=3.3 IOSTANDARD=LVCMOS33 NONE=TRUE successfully
Executing : def_port {lin_test} LOC=Y13 VCCIO=3.3 IOSTANDARD=LVCMOS33 NONE=TRUE
C: ConstraintEditor-2002: [D:/admin/desktop/voice_loop_50/device_map/voice_loop_test.pcf(line number: 20)] | Port lin_test has been placed at location Y13, whose type is share pin.
Executing : def_port {lin_test} LOC=Y13 VCCIO=3.3 IOSTANDARD=LVCMOS33 NONE=TRUE successfully
Executing : def_port {lout_test} LOC=V7 VCCIO=3.3 IOSTANDARD=LVCMOS33 NONE=TRUE
Executing : def_port {lout_test} LOC=V7 VCCIO=3.3 IOSTANDARD=LVCMOS33 NONE=TRUE successfully
Executing : def_port {sys_clk} LOC=P20 VCCIO=3.3 IOSTANDARD=LVCMOS33 NONE=TRUE
Executing : def_port {sys_clk} LOC=P20 VCCIO=3.3 IOSTANDARD=LVCMOS33 NONE=TRUE successfully
Constraint check end.
I: Column Clock Check open.
Read Column Clock Map.

Placement started.
Phase 1 Pre global placement started.
Mapping instance u_CORES/u_GTP_SCANCHAIN_PG/scanchain to SCANCHAIN_325_0.
Mapping instance u_pll/u_pll_e3/goppll to PLL_158_55.
Phase 1.1 1st GP placement started.
Design Utilization : 2%.
Wirelength after clock region global placement is 5654.
1st GP placement takes 2.69 sec.

Phase 1.2 Clock placement started.
Mapping instance clkbufg_3/gopclkbufg to USCM_84_108.
C: Place-2028: GLOBAL_CLOCK: the driver u_CORES/u_GTP_SCANCHAIN_PG/scanchain fixed at SCANCHAIN_325_0 is unreasonable. Sub-optimal placement for a clock source and a clock buffer.
Mapping instance clkbufg_4/gopclkbufg to USCM_84_110.
Mapping instance clkbufg_5/gopclkbufg to USCM_84_109.
C: Place-2028: GLOBAL_CLOCK: the driver es1_dsclk_ibuf/opit_1 fixed at IOL_39_6 is unreasonable. Sub-optimal placement for a clock source and a clock buffer.
Mapping instance clkbufg_7/gopclkbufg to USCM_84_111.
C: Place-2028: GLOBAL_CLOCK: the driver u_CORES/u_GTP_SCANCHAIN_PG/scanchain fixed at SCANCHAIN_325_0 is unreasonable. Sub-optimal placement for a clock source and a clock buffer.
Mapping instance clkbufg_6/gopclkbufg to USCM_84_112.
Clock placement takes 0.44 sec.

Pre global placement takes 4.50 sec.

Phase 2 Global placement started.
Phase 2.1 Fixed placement started.
Placed fixed group with base inst ES7243E_reg_config.u_i2c_com.i2c_sdat_tri/opit_1 on IOL_151_5.
Placed fixed group with base inst ES8156_reg_config.u_i2c_com.i2c_sdat_tri/opit_1 on IOL_119_5.
Placed fixed group with base inst adc_dac_int_obuf/opit_1 on IOL_35_374.
Placed fixed group with base inst es0_alrck_ibuf/opit_1 on IOL_159_5.
Placed fixed group with base inst es0_dsclk_ibuf/opit_1 on IOL_159_6.
Placed fixed group with base inst es0_mclk_obuf/opit_1 on IOL_135_6.
Placed fixed group with base inst es0_sdin_ibuf/opit_1 on IOL_135_5.
Placed fixed group with base inst es1_dlrc_ibuf/opit_1 on IOL_35_6.
Placed fixed group with base inst es1_dsclk_ibuf/opit_1 on IOL_39_6.
Placed fixed group with base inst es1_mclk_obuf/opit_1 on IOL_39_5.
Placed fixed group with base inst es1_sdin_ibuf/opit_1 on IOL_47_5.
Placed fixed group with base inst es1_sdout_obuf/opit_1 on IOL_35_5.
Placed fixed group with base inst es7243_scl_obuf/opit_1 on IOL_151_6.
Placed fixed group with base inst es8156_scl_obuf/opit_1 on IOL_119_6.
Placed fixed group with base inst key_ibuf/opit_1 on IOL_327_257.
Placed fixed group with base inst lin_led_obuf/opit_1 on IOL_19_374.
Placed fixed group with base inst lin_test_ibuf/opit_1 on IOL_167_6.
Placed fixed group with base inst lout_led_obuf/opit_1 on IOL_19_373.
Placed fixed group with base inst lout_test_ibuf/opit_1 on IOL_47_6.
Placed fixed group with base inst sys_clk_ibuf/opit_1 on IOL_327_210.
Placed fixed instance clkbufg_3/gopclkbufg on USCM_84_108.
Placed fixed instance clkbufg_4/gopclkbufg on USCM_84_110.
Placed fixed instance clkbufg_5/gopclkbufg on USCM_84_109.
Placed fixed instance clkbufg_6/gopclkbufg on USCM_84_112.
Placed fixed instance clkbufg_7/gopclkbufg on USCM_84_111.
Placed fixed instance u_CORES/u_GTP_SCANCHAIN_PG/scanchain on SCANCHAIN_325_0.
Placed fixed instance u_pll/u_pll_e3/goppll on PLL_158_55.
Placed fixed instance BKCL_auto_0 on BKCL_188_376.
Placed fixed instance BKCL_auto_1 on BKCL_328_184.
Placed fixed instance BKCL_auto_2 on BKCL_192_0.
Fixed placement takes 0.00 sec.

Phase 2.2 Process placement started.
Process placement takes 0.00 sec.

Phase 2.3 IO placement started.
IO placement takes 0.02 sec.

Phase 2.4 2nd GP placement started.
Run super clustering :
	Initial slack 18034.
	5 iterations finished.
	Final slack 19632.
Super clustering done.
Design Utilization : 2%.
2nd GP placement takes 2.30 sec.

Wirelength after global placement is 5529.
Global placement takes 2.31 sec.

Phase 3 Post global placement started.
Phase 3.1 Macro cell placement started.
Wirelength after macro cell placement is 7850.
Macro cell placement takes 0.00 sec.

Phase 3.2 3rd GP placement started.
Run super clustering :
	Initial slack 18034.
	5 iterations finished.
	Final slack 19632.
Super clustering done.
Design Utilization : 2%.
3rd GP placement takes 2.14 sec.

Wirelength after post global placement is 7119.
Post global placement takes 2.14 sec.

Phase 4 Legalization started.
The average distance in LP is 1.452653.
Wirelength after legalization is 8486.
Legalization takes 0.06 sec.

Phase 5 Timing-driven detailed placement started.
Phase 5.1 Replication placement started.
Worst slack before Replication Place is 21533.
Replication placement takes 0.09 sec.

Wirelength after replication placement is 8486.
Phase 5.2 DP placement started.
Legalized cost 21533.000000.
The detailed placement ends at 0th iteration.
DP placement takes 0.03 sec.

Wirelength after detailed placement is 8486.
Timing-driven detailed placement takes 0.12 sec.

Worst slack is 21533, TNS after placement is 0.
Placement done.
Total placement takes 9.47 sec.
Finished placement. (CPU time elapsed 0h:00m:09s)

Routing started.
Building routing graph takes 1.17 sec.
Worst slack is 21533, TNS before global route is 0.
Processing design graph takes 0.25 sec.
Total memory for routing:
	116.074846 M.
Total nets for routing : 1406.
Rcf routing step 1 processed 0 nets, it takes 0.00 sec.
Rcf routing step 2 processed 0 nets, it takes 0.00 sec.
Rcf routing step 3 processed 0 nets, it takes 0.00 sec.
Unrouted nets 2 at the end of iteration 0.
Unrouted nets 2 at the end of iteration 1.
Unrouted nets 2 at the end of iteration 2.
Unrouted nets 2 at the end of iteration 3.
Unrouted nets 2 at the end of iteration 4.
Unrouted nets 2 at the end of iteration 5.
Unrouted nets 2 at the end of iteration 6.
Unrouted nets 2 at the end of iteration 7.
Unrouted nets 2 at the end of iteration 8.
Unrouted nets 2 at the end of iteration 9.
Unrouted nets 2 at the end of iteration 10.
Unrouted nets 2 at the end of iteration 11.
Unrouted nets 2 at the end of iteration 12.
Unrouted nets 2 at the end of iteration 13.
Unrouted nets 2 at the end of iteration 14.
Unrouted nets 2 at the end of iteration 15.
Unrouted nets 2 at the end of iteration 16.
Unrouted nets 2 at the end of iteration 17.
Unrouted nets 2 at the end of iteration 18.
Unrouted nets 2 at the end of iteration 19.
Unrouted nets 2 at the end of iteration 20.
Unrouted nets 2 at the end of iteration 21.
Unrouted nets 2 at the end of iteration 22.
Unrouted nets 2 at the end of iteration 23.
Unrouted nets 2 at the end of iteration 24.
Unrouted nets 2 at the end of iteration 25.
Unrouted nets 2 at the end of iteration 26.
Unrouted nets 2 at the end of iteration 27.
Unrouted nets 2 at the end of iteration 28.
Unrouted nets 2 at the end of iteration 29.
Unrouted nets 2 at the end of iteration 30.
Unrouted nets 2 at the end of iteration 31.
Unrouted nets 2 at the end of iteration 32.
Unrouted nets 2 at the end of iteration 33.
Unrouted nets 2 at the end of iteration 34.
Unrouted nets 2 at the end of iteration 35.
Unrouted nets 2 at the end of iteration 36.
Unrouted nets 2 at the end of iteration 37.
Unrouted nets 2 at the end of iteration 38.
Unrouted nets 2 at the end of iteration 39.
Unrouted nets 2 at the end of iteration 40.
Unrouted nets 2 at the end of iteration 41.
Unrouted nets 2 at the end of iteration 42.
Unrouted nets 2 at the end of iteration 43.
Unrouted nets 2 at the end of iteration 44.
Unrouted nets 2 at the end of iteration 45.
Unrouted nets 2 at the end of iteration 46.
Unrouted nets 2 at the end of iteration 47.
Unrouted nets 2 at the end of iteration 48.
Unrouted nets 2 at the end of iteration 49.
Global Routing step 1 processed 97 nets, it takes 0.03 sec.
Unrouted nets 116 at the end of iteration 0.
Unrouted nets 87 at the end of iteration 1.
Unrouted nets 65 at the end of iteration 2.
Unrouted nets 56 at the end of iteration 3.
Unrouted nets 38 at the end of iteration 4.
Unrouted nets 38 at the end of iteration 5.
Unrouted nets 34 at the end of iteration 6.
Unrouted nets 22 at the end of iteration 7.
Unrouted nets 16 at the end of iteration 8.
Unrouted nets 18 at the end of iteration 9.
Unrouted nets 20 at the end of iteration 10.
Unrouted nets 23 at the end of iteration 11.
Unrouted nets 19 at the end of iteration 12.
Unrouted nets 20 at the end of iteration 13.
Unrouted nets 19 at the end of iteration 14.
Unrouted nets 18 at the end of iteration 15.
Unrouted nets 11 at the end of iteration 16.
Unrouted nets 18 at the end of iteration 17.
Unrouted nets 11 at the end of iteration 18.
Unrouted nets 9 at the end of iteration 19.
Unrouted nets 9 at the end of iteration 20.
Unrouted nets 10 at the end of iteration 21.
Unrouted nets 12 at the end of iteration 22.
Unrouted nets 7 at the end of iteration 23.
Unrouted nets 10 at the end of iteration 24.
Unrouted nets 12 at the end of iteration 25.
Unrouted nets 8 at the end of iteration 26.
Unrouted nets 7 at the end of iteration 27.
Unrouted nets 5 at the end of iteration 28.
Unrouted nets 4 at the end of iteration 29.
Unrouted nets 4 at the end of iteration 30.
Unrouted nets 4 at the end of iteration 31.
Unrouted nets 2 at the end of iteration 32.
Unrouted nets 3 at the end of iteration 33.
Unrouted nets 1 at the end of iteration 34.
Unrouted nets 4 at the end of iteration 35.
Unrouted nets 3 at the end of iteration 36.
Unrouted nets 1 at the end of iteration 37.
Unrouted nets 1 at the end of iteration 38.
Unrouted nets 1 at the end of iteration 39.
Unrouted nets 1 at the end of iteration 40.
Unrouted nets 1 at the end of iteration 41.
Unrouted nets 1 at the end of iteration 42.
Unrouted nets 1 at the end of iteration 43.
Unrouted nets 1 at the end of iteration 44.
Unrouted nets 1 at the end of iteration 45.
Unrouted nets 1 at the end of iteration 46.
Unrouted nets 1 at the end of iteration 47.
Unrouted nets 1 at the end of iteration 48.
Unrouted nets 1 at the end of iteration 49.
Unrouted nets 1 at the end of iteration 50.
Unrouted nets 1 at the end of iteration 51.
Unrouted nets 1 at the end of iteration 52.
Unrouted nets 1 at the end of iteration 53.
Unrouted nets 1 at the end of iteration 54.
Unrouted nets 1 at the end of iteration 55.
Unrouted nets 1 at the end of iteration 56.
Unrouted nets 1 at the end of iteration 57.
Unrouted nets 1 at the end of iteration 58.
Unrouted nets 1 at the end of iteration 59.
Unrouted nets 1 at the end of iteration 60.
Unrouted nets 1 at the end of iteration 61.
Unrouted nets 1 at the end of iteration 62.
Unrouted nets 1 at the end of iteration 63.
Unrouted nets 1 at the end of iteration 64.
Unrouted nets 1 at the end of iteration 65.
Unrouted nets 1 at the end of iteration 66.
Unrouted nets 1 at the end of iteration 67.
Unrouted nets 1 at the end of iteration 68.
Unrouted nets 1 at the end of iteration 69.
Unrouted nets 1 at the end of iteration 70.
Unrouted nets 1 at the end of iteration 71.
Unrouted nets 1 at the end of iteration 72.
Unrouted nets 1 at the end of iteration 73.
Unrouted nets 1 at the end of iteration 74.
Unrouted nets 1 at the end of iteration 75.
Unrouted nets 1 at the end of iteration 76.
Unrouted nets 1 at the end of iteration 77.
Unrouted nets 1 at the end of iteration 78.
Unrouted nets 1 at the end of iteration 79.
Unrouted nets 1 at the end of iteration 80.
Unrouted nets 1 at the end of iteration 81.
Unrouted nets 1 at the end of iteration 82.
Unrouted nets 1 at the end of iteration 83.
Unrouted nets 1 at the end of iteration 84.
Unrouted nets 1 at the end of iteration 85.
Unrouted nets 1 at the end of iteration 86.
Unrouted nets 1 at the end of iteration 87.
Unrouted nets 1 at the end of iteration 88.
Unrouted nets 1 at the end of iteration 89.
Unrouted nets 1 at the end of iteration 90.
Unrouted nets 1 at the end of iteration 91.
Unrouted nets 1 at the end of iteration 92.
Unrouted nets 1 at the end of iteration 93.
Unrouted nets 1 at the end of iteration 94.
Unrouted nets 1 at the end of iteration 95.
Unrouted nets 1 at the end of iteration 96.
Unrouted nets 1 at the end of iteration 97.
Unrouted nets 1 at the end of iteration 98.
Unrouted nets 1 at the end of iteration 99.
Unrouted nets 1 at the end of iteration 100.
Unrouted nets 1 at the end of iteration 101.
Unrouted nets 1 at the end of iteration 102.
Unrouted nets 1 at the end of iteration 103.
Unrouted nets 1 at the end of iteration 104.
Unrouted nets 1 at the end of iteration 105.
Unrouted nets 1 at the end of iteration 106.
Unrouted nets 1 at the end of iteration 107.
Unrouted nets 1 at the end of iteration 108.
Unrouted nets 1 at the end of iteration 109.
Unrouted nets 1 at the end of iteration 110.
Unrouted nets 1 at the end of iteration 111.
Unrouted nets 1 at the end of iteration 112.
Unrouted nets 1 at the end of iteration 113.
Unrouted nets 2 at the end of iteration 114.
Unrouted nets 1 at the end of iteration 115.
Unrouted nets 1 at the end of iteration 116.
Unrouted nets 1 at the end of iteration 117.
Unrouted nets 1 at the end of iteration 118.
Unrouted nets 1 at the end of iteration 119.
Unrouted nets 1 at the end of iteration 120.
Unrouted nets 1 at the end of iteration 121.
Unrouted nets 1 at the end of iteration 122.
Unrouted nets 1 at the end of iteration 123.
Unrouted nets 1 at the end of iteration 124.
Unrouted nets 1 at the end of iteration 125.
Unrouted nets 1 at the end of iteration 126.
Unrouted nets 1 at the end of iteration 127.
Unrouted nets 1 at the end of iteration 128.
Unrouted nets 1 at the end of iteration 129.
Unrouted nets 1 at the end of iteration 130.
Unrouted nets 1 at the end of iteration 131.
Unrouted nets 1 at the end of iteration 132.
Unrouted nets 1 at the end of iteration 133.
Unrouted nets 1 at the end of iteration 134.
Unrouted nets 1 at the end of iteration 135.
Unrouted nets 1 at the end of iteration 136.
Unrouted nets 1 at the end of iteration 137.
Unrouted nets 1 at the end of iteration 138.
Unrouted nets 1 at the end of iteration 139.
Unrouted nets 1 at the end of iteration 140.
Unrouted nets 1 at the end of iteration 141.
Unrouted nets 1 at the end of iteration 142.
Unrouted nets 1 at the end of iteration 143.
Unrouted nets 1 at the end of iteration 144.
Unrouted nets 1 at the end of iteration 145.
Unrouted nets 1 at the end of iteration 146.
Unrouted nets 1 at the end of iteration 147.
Unrouted nets 1 at the end of iteration 148.
Unrouted nets 1 at the end of iteration 149.
Unrouted nets 1 at the end of iteration 150.
Unrouted nets 1 at the end of iteration 151.
Unrouted nets 1 at the end of iteration 152.
Unrouted nets 1 at the end of iteration 153.
Unrouted nets 1 at the end of iteration 154.
Unrouted nets 1 at the end of iteration 155.
Unrouted nets 1 at the end of iteration 156.
Unrouted nets 1 at the end of iteration 157.
Unrouted nets 1 at the end of iteration 158.
Unrouted nets 2 at the end of iteration 159.
Unrouted nets 1 at the end of iteration 160.
Unrouted nets 1 at the end of iteration 161.
Unrouted nets 1 at the end of iteration 162.
Unrouted nets 1 at the end of iteration 163.
Unrouted nets 1 at the end of iteration 164.
Unrouted nets 1 at the end of iteration 165.
Unrouted nets 1 at the end of iteration 166.
Unrouted nets 1 at the end of iteration 167.
Unrouted nets 1 at the end of iteration 168.
Unrouted nets 1 at the end of iteration 169.
Unrouted nets 1 at the end of iteration 170.
Unrouted nets 1 at the end of iteration 171.
Unrouted nets 1 at the end of iteration 172.
Unrouted nets 1 at the end of iteration 173.
Unrouted nets 1 at the end of iteration 174.
Unrouted nets 1 at the end of iteration 175.
Unrouted nets 1 at the end of iteration 176.
Unrouted nets 1 at the end of iteration 177.
Unrouted nets 1 at the end of iteration 178.
Unrouted nets 1 at the end of iteration 179.
Unrouted nets 1 at the end of iteration 180.
Unrouted nets 1 at the end of iteration 181.
Unrouted nets 1 at the end of iteration 182.
Unrouted nets 1 at the end of iteration 183.
Unrouted nets 1 at the end of iteration 184.
Unrouted nets 1 at the end of iteration 185.
Unrouted nets 1 at the end of iteration 186.
Unrouted nets 1 at the end of iteration 187.
Unrouted nets 1 at the end of iteration 188.
Unrouted nets 1 at the end of iteration 189.
Unrouted nets 1 at the end of iteration 190.
Unrouted nets 1 at the end of iteration 191.
Unrouted nets 1 at the end of iteration 192.
Unrouted nets 1 at the end of iteration 193.
Unrouted nets 1 at the end of iteration 194.
Unrouted nets 1 at the end of iteration 195.
Unrouted nets 1 at the end of iteration 196.
Unrouted nets 1 at the end of iteration 197.
Unrouted nets 1 at the end of iteration 198.
Unrouted nets 1 at the end of iteration 199.
Unrouted nets 1 at the end of iteration 200.
Unrouted nets 1 at the end of iteration 201.
Unrouted nets 1 at the end of iteration 202.
Unrouted nets 1 at the end of iteration 203.
Unrouted nets 1 at the end of iteration 204.
Unrouted nets 1 at the end of iteration 205.
Unrouted nets 1 at the end of iteration 206.
Unrouted nets 1 at the end of iteration 207.
Unrouted nets 1 at the end of iteration 208.
Unrouted nets 1 at the end of iteration 209.
Unrouted nets 1 at the end of iteration 210.
Unrouted nets 1 at the end of iteration 211.
Unrouted nets 1 at the end of iteration 212.
Unrouted nets 1 at the end of iteration 213.
Unrouted nets 1 at the end of iteration 214.
Unrouted nets 1 at the end of iteration 215.
Unrouted nets 1 at the end of iteration 216.
Unrouted nets 1 at the end of iteration 217.
Unrouted nets 1 at the end of iteration 218.
Unrouted nets 1 at the end of iteration 219.
Unrouted nets 1 at the end of iteration 220.
Unrouted nets 1 at the end of iteration 221.
Unrouted nets 1 at the end of iteration 222.
Unrouted nets 1 at the end of iteration 223.
Unrouted nets 1 at the end of iteration 224.
Unrouted nets 1 at the end of iteration 225.
Unrouted nets 1 at the end of iteration 226.
Unrouted nets 1 at the end of iteration 227.
Unrouted nets 1 at the end of iteration 228.
Unrouted nets 1 at the end of iteration 229.
Unrouted nets 1 at the end of iteration 230.
Unrouted nets 1 at the end of iteration 231.
Unrouted nets 1 at the end of iteration 232.
Unrouted nets 1 at the end of iteration 233.
Unrouted nets 1 at the end of iteration 234.
Unrouted nets 1 at the end of iteration 235.
Unrouted nets 1 at the end of iteration 236.
Unrouted nets 1 at the end of iteration 237.
Unrouted nets 1 at the end of iteration 238.
Unrouted nets 1 at the end of iteration 239.
Unrouted nets 1 at the end of iteration 240.
Unrouted nets 1 at the end of iteration 241.
Unrouted nets 1 at the end of iteration 242.
Unrouted nets 1 at the end of iteration 243.
Unrouted nets 1 at the end of iteration 244.
Unrouted nets 1 at the end of iteration 245.
Unrouted nets 1 at the end of iteration 246.
Unrouted nets 1 at the end of iteration 247.
Unrouted nets 1 at the end of iteration 248.
Unrouted nets 1 at the end of iteration 249.
Unrouted nets 1 at the end of iteration 250.
Unrouted nets 1 at the end of iteration 251.
Unrouted nets 1 at the end of iteration 252.
Unrouted nets 1 at the end of iteration 253.
Unrouted nets 1 at the end of iteration 254.
Unrouted nets 1 at the end of iteration 255.
Unrouted nets 1 at the end of iteration 256.
Unrouted nets 1 at the end of iteration 257.
Unrouted nets 1 at the end of iteration 258.
Unrouted nets 1 at the end of iteration 259.
Unrouted nets 1 at the end of iteration 260.
Unrouted nets 1 at the end of iteration 261.
Unrouted nets 1 at the end of iteration 262.
Unrouted nets 1 at the end of iteration 263.
Unrouted nets 1 at the end of iteration 264.
Unrouted nets 1 at the end of iteration 265.
Unrouted nets 1 at the end of iteration 266.
Unrouted nets 1 at the end of iteration 267.
Unrouted nets 1 at the end of iteration 268.
Unrouted nets 1 at the end of iteration 269.
Unrouted nets 1 at the end of iteration 270.
Unrouted nets 1 at the end of iteration 271.
Unrouted nets 1 at the end of iteration 272.
Unrouted nets 1 at the end of iteration 273.
Unrouted nets 1 at the end of iteration 274.
Unrouted nets 1 at the end of iteration 275.
Unrouted nets 1 at the end of iteration 276.
Unrouted nets 1 at the end of iteration 277.
Unrouted nets 1 at the end of iteration 278.
Unrouted nets 1 at the end of iteration 279.
Unrouted nets 1 at the end of iteration 280.
Unrouted nets 1 at the end of iteration 281.
Unrouted nets 1 at the end of iteration 282.
Unrouted nets 1 at the end of iteration 283.
Unrouted nets 1 at the end of iteration 284.
Unrouted nets 1 at the end of iteration 285.
Unrouted nets 1 at the end of iteration 286.
Unrouted nets 1 at the end of iteration 287.
Unrouted nets 1 at the end of iteration 288.
Unrouted nets 1 at the end of iteration 289.
Unrouted nets 1 at the end of iteration 290.
Unrouted nets 1 at the end of iteration 291.
Unrouted nets 1 at the end of iteration 292.
Unrouted nets 1 at the end of iteration 293.
Unrouted nets 1 at the end of iteration 294.
Unrouted nets 1 at the end of iteration 295.
Unrouted nets 1 at the end of iteration 296.
Unrouted nets 1 at the end of iteration 297.
Unrouted nets 1 at the end of iteration 298.
Unrouted nets 1 at the end of iteration 299.
Unrouted nets 1 at the end of iteration 300.
Unrouted nets 1 at the end of iteration 301.
Unrouted nets 1 at the end of iteration 302.
Unrouted nets 1 at the end of iteration 303.
Unrouted nets 1 at the end of iteration 304.
Unrouted nets 1 at the end of iteration 305.
Unrouted nets 1 at the end of iteration 306.
Unrouted nets 1 at the end of iteration 307.
Unrouted nets 1 at the end of iteration 308.
Unrouted nets 1 at the end of iteration 309.
Unrouted nets 1 at the end of iteration 310.
Unrouted nets 1 at the end of iteration 311.
Unrouted nets 1 at the end of iteration 312.
Unrouted nets 1 at the end of iteration 313.
Unrouted nets 1 at the end of iteration 314.
Unrouted nets 1 at the end of iteration 315.
Unrouted nets 1 at the end of iteration 316.
Unrouted nets 1 at the end of iteration 317.
Unrouted nets 1 at the end of iteration 318.
Unrouted nets 1 at the end of iteration 319.
Unrouted nets 1 at the end of iteration 320.
Unrouted nets 1 at the end of iteration 321.
Unrouted nets 1 at the end of iteration 322.
Unrouted nets 1 at the end of iteration 323.
Unrouted nets 1 at the end of iteration 324.
Unrouted nets 1 at the end of iteration 325.
Unrouted nets 1 at the end of iteration 326.
Unrouted nets 1 at the end of iteration 327.
Unrouted nets 1 at the end of iteration 328.
Unrouted nets 1 at the end of iteration 329.
Unrouted nets 1 at the end of iteration 330.
Unrouted nets 1 at the end of iteration 331.
Unrouted nets 1 at the end of iteration 332.
Unrouted nets 1 at the end of iteration 333.
Unrouted nets 1 at the end of iteration 334.
Unrouted nets 1 at the end of iteration 335.
Unrouted nets 1 at the end of iteration 336.
Unrouted nets 1 at the end of iteration 337.
Unrouted nets 1 at the end of iteration 338.
Unrouted nets 1 at the end of iteration 339.
Unrouted nets 1 at the end of iteration 340.
Unrouted nets 1 at the end of iteration 341.
Unrouted nets 1 at the end of iteration 342.
Unrouted nets 1 at the end of iteration 343.
Unrouted nets 1 at the end of iteration 344.
Unrouted nets 1 at the end of iteration 345.
Unrouted nets 1 at the end of iteration 346.
Unrouted nets 1 at the end of iteration 347.
Unrouted nets 1 at the end of iteration 348.
Unrouted nets 1 at the end of iteration 349.
Unrouted nets 1 at the end of iteration 350.
Unrouted nets 1 at the end of iteration 351.
Unrouted nets 1 at the end of iteration 352.
Unrouted nets 1 at the end of iteration 353.
Unrouted nets 1 at the end of iteration 354.
Unrouted nets 1 at the end of iteration 355.
Unrouted nets 1 at the end of iteration 356.
Unrouted nets 1 at the end of iteration 357.
Unrouted nets 1 at the end of iteration 358.
Unrouted nets 1 at the end of iteration 359.
Unrouted nets 1 at the end of iteration 360.
Unrouted nets 1 at the end of iteration 361.
Unrouted nets 1 at the end of iteration 362.
Unrouted nets 1 at the end of iteration 363.
Unrouted nets 1 at the end of iteration 364.
Unrouted nets 1 at the end of iteration 365.
Unrouted nets 1 at the end of iteration 366.
Unrouted nets 1 at the end of iteration 367.
Unrouted nets 1 at the end of iteration 368.
Unrouted nets 1 at the end of iteration 369.
Unrouted nets 1 at the end of iteration 370.
Unrouted nets 1 at the end of iteration 371.
Unrouted nets 1 at the end of iteration 372.
Unrouted nets 1 at the end of iteration 373.
Unrouted nets 1 at the end of iteration 374.
Unrouted nets 1 at the end of iteration 375.
Unrouted nets 1 at the end of iteration 376.
Unrouted nets 1 at the end of iteration 377.
Unrouted nets 1 at the end of iteration 378.
Unrouted nets 1 at the end of iteration 379.
Unrouted nets 1 at the end of iteration 380.
Unrouted nets 1 at the end of iteration 381.
Unrouted nets 1 at the end of iteration 382.
Unrouted nets 1 at the end of iteration 383.
Unrouted nets 1 at the end of iteration 384.
Unrouted nets 1 at the end of iteration 385.
Unrouted nets 1 at the end of iteration 386.
Unrouted nets 1 at the end of iteration 387.
Unrouted nets 1 at the end of iteration 388.
Unrouted nets 1 at the end of iteration 389.
Unrouted nets 1 at the end of iteration 390.
Unrouted nets 1 at the end of iteration 391.
Unrouted nets 1 at the end of iteration 392.
Unrouted nets 1 at the end of iteration 393.
Unrouted nets 1 at the end of iteration 394.
Unrouted nets 1 at the end of iteration 395.
Unrouted nets 1 at the end of iteration 396.
Unrouted nets 1 at the end of iteration 397.
Unrouted nets 1 at the end of iteration 398.
Unrouted nets 1 at the end of iteration 399.
Global Routing step 2 processed 184 nets, it takes 12.58 sec.
Unrouted nets 14 at the end of iteration 0.
Unrouted nets 5 at the end of iteration 1.
Unrouted nets 4 at the end of iteration 2.
Unrouted nets 4 at the end of iteration 3.
Unrouted nets 2 at the end of iteration 4.
Unrouted nets 3 at the end of iteration 5.
Unrouted nets 1 at the end of iteration 6.
Unrouted nets 1 at the end of iteration 7.
Unrouted nets 0 at the end of iteration 8.
Global Routing step 3 processed 39 nets, it takes 0.02 sec.
Global routing takes 12.67 sec.
Total 1595 subnets.
    forward max bucket size 34078 , backward 246.
        Unrouted nets 883 at the end of iteration 0.
    route iteration 0, CPU time elapsed 1.906250 sec.
    forward max bucket size 3523 , backward 257.
        Unrouted nets 588 at the end of iteration 1.
    route iteration 1, CPU time elapsed 0.625000 sec.
    forward max bucket size 1086 , backward 43.
        Unrouted nets 475 at the end of iteration 2.
    route iteration 2, CPU time elapsed 0.062500 sec.
    forward max bucket size 420 , backward 97.
        Unrouted nets 347 at the end of iteration 3.
    route iteration 3, CPU time elapsed 0.031250 sec.
    forward max bucket size 177 , backward 84.
        Unrouted nets 204 at the end of iteration 4.
    route iteration 4, CPU time elapsed 0.046875 sec.
    forward max bucket size 23 , backward 46.
        Unrouted nets 147 at the end of iteration 5.
    route iteration 5, CPU time elapsed 0.000000 sec.
    forward max bucket size 25 , backward 62.
        Unrouted nets 105 at the end of iteration 6.
    route iteration 6, CPU time elapsed 0.015625 sec.
    forward max bucket size 30 , backward 150.
        Unrouted nets 62 at the end of iteration 7.
    route iteration 7, CPU time elapsed 0.000000 sec.
    forward max bucket size 28 , backward 148.
        Unrouted nets 36 at the end of iteration 8.
    route iteration 8, CPU time elapsed 0.015625 sec.
    forward max bucket size 23 , backward 29.
        Unrouted nets 23 at the end of iteration 9.
    route iteration 9, CPU time elapsed 0.000000 sec.
    forward max bucket size 24 , backward 28.
        Unrouted nets 11 at the end of iteration 10.
    route iteration 10, CPU time elapsed 0.000000 sec.
    forward max bucket size 19 , backward 14.
        Unrouted nets 9 at the end of iteration 11.
    route iteration 11, CPU time elapsed 0.000000 sec.
    forward max bucket size 19 , backward 9.
        Unrouted nets 4 at the end of iteration 12.
    route iteration 12, CPU time elapsed 0.000000 sec.
    forward max bucket size 24 , backward 22.
        Unrouted nets 3 at the end of iteration 13.
    route iteration 13, CPU time elapsed 0.000000 sec.
    forward max bucket size 19 , backward 21.
        Unrouted nets 6 at the end of iteration 14.
    route iteration 14, CPU time elapsed 0.000000 sec.
    forward max bucket size 16 , backward 15.
        Unrouted nets 2 at the end of iteration 15.
    route iteration 15, CPU time elapsed 0.000000 sec.
    forward max bucket size 24 , backward 24.
        Unrouted nets 4 at the end of iteration 16.
    route iteration 16, CPU time elapsed 0.015625 sec.
    forward max bucket size 19 , backward 9.
        Unrouted nets 4 at the end of iteration 17.
    route iteration 17, CPU time elapsed 0.000000 sec.
    forward max bucket size 16 , backward 10.
        Unrouted nets 2 at the end of iteration 18.
    route iteration 18, CPU time elapsed 0.000000 sec.
    forward max bucket size 19 , backward 8.
        Unrouted nets 2 at the end of iteration 19.
    route iteration 19, CPU time elapsed 0.000000 sec.
    forward max bucket size 12 , backward 8.
        Unrouted nets 3 at the end of iteration 20.
    route iteration 20, CPU time elapsed 0.000000 sec.
    forward max bucket size 21 , backward 14.
        Unrouted nets 5 at the end of iteration 21.
    route iteration 21, CPU time elapsed 0.000000 sec.
    forward max bucket size 17 , backward 17.
        Unrouted nets 2 at the end of iteration 22.
    route iteration 22, CPU time elapsed 0.000000 sec.
    forward max bucket size 19 , backward 19.
        Unrouted nets 2 at the end of iteration 23.
    route iteration 23, CPU time elapsed 0.000000 sec.
    forward max bucket size 16 , backward 11.
        Unrouted nets 2 at the end of iteration 24.
    route iteration 24, CPU time elapsed 0.000000 sec.
    forward max bucket size 13 , backward 5.
        Unrouted nets 2 at the end of iteration 25.
    route iteration 25, CPU time elapsed 0.000000 sec.
    forward max bucket size 22 , backward 15.
        Unrouted nets 3 at the end of iteration 26.
    route iteration 26, CPU time elapsed 0.000000 sec.
    forward max bucket size 22 , backward 9.
        Unrouted nets 2 at the end of iteration 27.
    route iteration 27, CPU time elapsed 0.000000 sec.
    forward max bucket size 14 , backward 5.
        Unrouted nets 2 at the end of iteration 28.
    route iteration 28, CPU time elapsed 0.000000 sec.
    forward max bucket size 23 , backward 19.
        Unrouted nets 2 at the end of iteration 29.
    route iteration 29, CPU time elapsed 0.015625 sec.
    forward max bucket size 22 , backward 11.
        Unrouted nets 2 at the end of iteration 30.
    route iteration 30, CPU time elapsed 0.000000 sec.
    forward max bucket size 14 , backward 5.
        Unrouted nets 2 at the end of iteration 31.
    route iteration 31, CPU time elapsed 0.000000 sec.
    forward max bucket size 24 , backward 18.
        Unrouted nets 2 at the end of iteration 32.
    route iteration 32, CPU time elapsed 0.000000 sec.
    forward max bucket size 17 , backward 9.
        Unrouted nets 2 at the end of iteration 33.
    route iteration 33, CPU time elapsed 0.000000 sec.
    forward max bucket size 14 , backward 5.
        Unrouted nets 2 at the end of iteration 34.
    route iteration 34, CPU time elapsed 0.000000 sec.
    forward max bucket size 23 , backward 14.
        Unrouted nets 2 at the end of iteration 35.
    route iteration 35, CPU time elapsed 0.000000 sec.
    forward max bucket size 17 , backward 13.
        Unrouted nets 2 at the end of iteration 36.
    route iteration 36, CPU time elapsed 0.000000 sec.
    forward max bucket size 14 , backward 5.
        Unrouted nets 2 at the end of iteration 37.
    route iteration 37, CPU time elapsed 0.000000 sec.
    forward max bucket size 23 , backward 14.
        Unrouted nets 2 at the end of iteration 38.
    route iteration 38, CPU time elapsed 0.000000 sec.
    forward max bucket size 22 , backward 9.
        Unrouted nets 2 at the end of iteration 39.
    route iteration 39, CPU time elapsed 0.000000 sec.
    forward max bucket size 14 , backward 5.
        Unrouted nets 2 at the end of iteration 40.
    route iteration 40, CPU time elapsed 0.000000 sec.
    forward max bucket size 20 , backward 18.
        Unrouted nets 2 at the end of iteration 41.
    route iteration 41, CPU time elapsed 0.015625 sec.
    forward max bucket size 17 , backward 8.
        Unrouted nets 2 at the end of iteration 42.
    route iteration 42, CPU time elapsed 0.015625 sec.
    forward max bucket size 17 , backward 9.
        Unrouted nets 2 at the end of iteration 43.
    route iteration 43, CPU time elapsed 0.000000 sec.
    forward max bucket size 17 , backward 18.
        Unrouted nets 2 at the end of iteration 44.
    route iteration 44, CPU time elapsed 0.000000 sec.
    forward max bucket size 20 , backward 9.
        Unrouted nets 2 at the end of iteration 45.
    route iteration 45, CPU time elapsed 0.000000 sec.
    forward max bucket size 17 , backward 10.
        Unrouted nets 2 at the end of iteration 46.
    route iteration 46, CPU time elapsed 0.000000 sec.
    forward max bucket size 22 , backward 20.
        Unrouted nets 2 at the end of iteration 47.
    route iteration 47, CPU time elapsed 0.000000 sec.
    forward max bucket size 17 , backward 10.
        Unrouted nets 2 at the end of iteration 48.
    route iteration 48, CPU time elapsed 0.000000 sec.
    forward max bucket size 23 , backward 15.
        Unrouted nets 2 at the end of iteration 49.
    route iteration 49, CPU time elapsed 0.015625 sec.
    forward max bucket size 24 , backward 27.
        Unrouted nets 4 at the end of iteration 50.
    route iteration 50, CPU time elapsed 0.000000 sec.
    forward max bucket size 23 , backward 14.
        Unrouted nets 2 at the end of iteration 51.
    route iteration 51, CPU time elapsed 0.000000 sec.
    forward max bucket size 17 , backward 11.
        Unrouted nets 2 at the end of iteration 52.
    route iteration 52, CPU time elapsed 0.000000 sec.
    forward max bucket size 24 , backward 25.
        Unrouted nets 4 at the end of iteration 53.
    route iteration 53, CPU time elapsed 0.000000 sec.
    forward max bucket size 20 , backward 11.
        Unrouted nets 2 at the end of iteration 54.
    route iteration 54, CPU time elapsed 0.000000 sec.
    forward max bucket size 17 , backward 11.
        Unrouted nets 2 at the end of iteration 55.
    route iteration 55, CPU time elapsed 0.000000 sec.
    forward max bucket size 24 , backward 21.
        Unrouted nets 4 at the end of iteration 56.
    route iteration 56, CPU time elapsed 0.000000 sec.
    forward max bucket size 23 , backward 11.
        Unrouted nets 4 at the end of iteration 57.
    route iteration 57, CPU time elapsed 0.000000 sec.
    forward max bucket size 17 , backward 20.
        Unrouted nets 3 at the end of iteration 58.
    route iteration 58, CPU time elapsed 0.000000 sec.
    forward max bucket size 17 , backward 17.
        Unrouted nets 2 at the end of iteration 59.
    route iteration 59, CPU time elapsed 0.000000 sec.
    forward max bucket size 17 , backward 9.
        Unrouted nets 2 at the end of iteration 60.
    route iteration 60, CPU time elapsed 0.000000 sec.
    forward max bucket size 17 , backward 10.
        Unrouted nets 2 at the end of iteration 61.
    route iteration 61, CPU time elapsed 0.015625 sec.
    forward max bucket size 17 , backward 19.
        Unrouted nets 2 at the end of iteration 62.
    route iteration 62, CPU time elapsed 0.000000 sec.
    forward max bucket size 22 , backward 15.
        Unrouted nets 2 at the end of iteration 63.
    route iteration 63, CPU time elapsed 0.000000 sec.
    forward max bucket size 17 , backward 12.
        Unrouted nets 2 at the end of iteration 64.
    route iteration 64, CPU time elapsed 0.000000 sec.
    forward max bucket size 22 , backward 25.
        Unrouted nets 2 at the end of iteration 65.
    route iteration 65, CPU time elapsed 0.000000 sec.
    forward max bucket size 20 , backward 9.
        Unrouted nets 2 at the end of iteration 66.
    route iteration 66, CPU time elapsed 0.000000 sec.
    forward max bucket size 17 , backward 12.
        Unrouted nets 2 at the end of iteration 67.
    route iteration 67, CPU time elapsed 0.031250 sec.
    forward max bucket size 22 , backward 22.
        Unrouted nets 2 at the end of iteration 68.
    route iteration 68, CPU time elapsed 0.000000 sec.
    forward max bucket size 20 , backward 10.
        Unrouted nets 2 at the end of iteration 69.
    route iteration 69, CPU time elapsed 0.000000 sec.
    forward max bucket size 17 , backward 12.
        Unrouted nets 2 at the end of iteration 70.
    route iteration 70, CPU time elapsed 0.000000 sec.
    forward max bucket size 22 , backward 22.
        Unrouted nets 2 at the end of iteration 71.
    route iteration 71, CPU time elapsed 0.000000 sec.
    forward max bucket size 20 , backward 10.
        Unrouted nets 2 at the end of iteration 72.
    route iteration 72, CPU time elapsed 0.000000 sec.
    forward max bucket size 17 , backward 11.
        Unrouted nets 2 at the end of iteration 73.
    route iteration 73, CPU time elapsed 0.000000 sec.
    forward max bucket size 22 , backward 25.
        Unrouted nets 2 at the end of iteration 74.
    route iteration 74, CPU time elapsed 0.000000 sec.
    forward max bucket size 20 , backward 10.
        Unrouted nets 2 at the end of iteration 75.
    route iteration 75, CPU time elapsed 0.000000 sec.
    forward max bucket size 17 , backward 10.
        Unrouted nets 2 at the end of iteration 76.
    route iteration 76, CPU time elapsed 0.000000 sec.
    forward max bucket size 23 , backward 22.
        Unrouted nets 2 at the end of iteration 77.
    route iteration 77, CPU time elapsed 0.000000 sec.
    forward max bucket size 17 , backward 17.
        Unrouted nets 3 at the end of iteration 78.
    route iteration 78, CPU time elapsed 0.000000 sec.
    forward max bucket size 23 , backward 12.
        Unrouted nets 4 at the end of iteration 79.
    route iteration 79, CPU time elapsed 0.000000 sec.
    forward max bucket size 13 , backward 5.
        Unrouted nets 2 at the end of iteration 80.
    route iteration 80, CPU time elapsed 0.000000 sec.
    forward max bucket size 17 , backward 9.
        Unrouted nets 2 at the end of iteration 81.
    route iteration 81, CPU time elapsed 0.000000 sec.
    forward max bucket size 20 , backward 4.
        Unrouted nets 2 at the end of iteration 82.
    route iteration 82, CPU time elapsed 0.000000 sec.
    forward max bucket size 13 , backward 5.
        Unrouted nets 2 at the end of iteration 83.
    route iteration 83, CPU time elapsed 0.000000 sec.
    forward max bucket size 17 , backward 18.
        Unrouted nets 2 at the end of iteration 84.
    route iteration 84, CPU time elapsed 0.000000 sec.
    forward max bucket size 19 , backward 12.
        Unrouted nets 2 at the end of iteration 85.
    route iteration 85, CPU time elapsed 0.000000 sec.
    forward max bucket size 16 , backward 11.
        Unrouted nets 2 at the end of iteration 86.
    route iteration 86, CPU time elapsed 0.000000 sec.
    forward max bucket size 17 , backward 14.
        Unrouted nets 2 at the end of iteration 87.
    route iteration 87, CPU time elapsed 0.000000 sec.
    forward max bucket size 20 , backward 11.
        Unrouted nets 2 at the end of iteration 88.
    route iteration 88, CPU time elapsed 0.015625 sec.
    forward max bucket size 13 , backward 5.
        Unrouted nets 2 at the end of iteration 89.
    route iteration 89, CPU time elapsed 0.000000 sec.
    forward max bucket size 17 , backward 19.
        Unrouted nets 2 at the end of iteration 90.
    route iteration 90, CPU time elapsed 0.000000 sec.
    forward max bucket size 16 , backward 9.
        Unrouted nets 2 at the end of iteration 91.
    route iteration 91, CPU time elapsed 0.000000 sec.
    forward max bucket size 16 , backward 10.
        Unrouted nets 2 at the end of iteration 92.
    route iteration 92, CPU time elapsed 0.000000 sec.
    forward max bucket size 17 , backward 14.
        Unrouted nets 2 at the end of iteration 93.
    route iteration 93, CPU time elapsed 0.000000 sec.
    forward max bucket size 20 , backward 14.
        Unrouted nets 2 at the end of iteration 94.
    route iteration 94, CPU time elapsed 0.000000 sec.
    forward max bucket size 13 , backward 5.
        Unrouted nets 2 at the end of iteration 95.
    route iteration 95, CPU time elapsed 0.000000 sec.
    forward max bucket size 17 , backward 17.
        Unrouted nets 2 at the end of iteration 96.
    route iteration 96, CPU time elapsed 0.000000 sec.
    forward max bucket size 19 , backward 12.
        Unrouted nets 2 at the end of iteration 97.
    route iteration 97, CPU time elapsed 0.000000 sec.
    forward max bucket size 16 , backward 10.
        Unrouted nets 2 at the end of iteration 98.
    route iteration 98, CPU time elapsed 0.000000 sec.
    forward max bucket size 17 , backward 16.
        Unrouted nets 2 at the end of iteration 99.
    route iteration 99, CPU time elapsed 0.000000 sec.
    forward max bucket size 16 , backward 10.
        Unrouted nets 2 at the end of iteration 100.
    route iteration 100, CPU time elapsed 0.000000 sec.
    forward max bucket size 19 , backward 14.
        Unrouted nets 2 at the end of iteration 101.
    route iteration 101, CPU time elapsed 0.000000 sec.
    forward max bucket size 22 , backward 27.
        Unrouted nets 2 at the end of iteration 102.
    route iteration 102, CPU time elapsed 0.000000 sec.
    forward max bucket size 17 , backward 10.
        Unrouted nets 2 at the end of iteration 103.
    route iteration 103, CPU time elapsed 0.000000 sec.
    forward max bucket size 16 , backward 6.
        Unrouted nets 2 at the end of iteration 104.
    route iteration 104, CPU time elapsed 0.000000 sec.
    forward max bucket size 22 , backward 25.
        Unrouted nets 2 at the end of iteration 105.
    route iteration 105, CPU time elapsed 0.000000 sec.
    forward max bucket size 20 , backward 10.
        Unrouted nets 2 at the end of iteration 106.
    route iteration 106, CPU time elapsed 0.000000 sec.
    forward max bucket size 17 , backward 10.
        Unrouted nets 2 at the end of iteration 107.
    route iteration 107, CPU time elapsed 0.000000 sec.
    forward max bucket size 22 , backward 24.
        Unrouted nets 2 at the end of iteration 108.
    route iteration 108, CPU time elapsed 0.015625 sec.
    forward max bucket size 20 , backward 9.
        Unrouted nets 2 at the end of iteration 109.
    route iteration 109, CPU time elapsed 0.000000 sec.
    forward max bucket size 17 , backward 10.
        Unrouted nets 2 at the end of iteration 110.
    route iteration 110, CPU time elapsed 0.000000 sec.
    forward max bucket size 22 , backward 25.
        Unrouted nets 2 at the end of iteration 111.
    route iteration 111, CPU time elapsed 0.000000 sec.
    forward max bucket size 21 , backward 13.
        Unrouted nets 2 at the end of iteration 112.
    route iteration 112, CPU time elapsed 0.015625 sec.
    forward max bucket size 17 , backward 11.
        Unrouted nets 2 at the end of iteration 113.
    route iteration 113, CPU time elapsed 0.000000 sec.
    forward max bucket size 22 , backward 24.
        Unrouted nets 2 at the end of iteration 114.
    route iteration 114, CPU time elapsed 0.000000 sec.
    forward max bucket size 17 , backward 10.
        Unrouted nets 2 at the end of iteration 115.
    route iteration 115, CPU time elapsed 0.000000 sec.
    forward max bucket size 16 , backward 8.
        Unrouted nets 2 at the end of iteration 116.
    route iteration 116, CPU time elapsed 0.000000 sec.
    forward max bucket size 22 , backward 26.
        Unrouted nets 2 at the end of iteration 117.
    route iteration 117, CPU time elapsed 0.000000 sec.
    forward max bucket size 21 , backward 14.
        Unrouted nets 2 at the end of iteration 118.
    route iteration 118, CPU time elapsed 0.015625 sec.
    forward max bucket size 17 , backward 12.
        Unrouted nets 2 at the end of iteration 119.
    route iteration 119, CPU time elapsed 0.000000 sec.
    forward max bucket size 22 , backward 23.
        Unrouted nets 2 at the end of iteration 120.
    route iteration 120, CPU time elapsed 0.000000 sec.
    forward max bucket size 20 , backward 9.
        Unrouted nets 2 at the end of iteration 121.
    route iteration 121, CPU time elapsed 0.000000 sec.
    forward max bucket size 17 , backward 10.
        Unrouted nets 2 at the end of iteration 122.
    route iteration 122, CPU time elapsed 0.000000 sec.
    forward max bucket size 22 , backward 25.
        Unrouted nets 2 at the end of iteration 123.
    route iteration 123, CPU time elapsed 0.000000 sec.
    forward max bucket size 20 , backward 8.
        Unrouted nets 2 at the end of iteration 124.
    route iteration 124, CPU time elapsed 0.031250 sec.
    forward max bucket size 17 , backward 11.
        Unrouted nets 2 at the end of iteration 125.
    route iteration 125, CPU time elapsed 0.000000 sec.
    forward max bucket size 22 , backward 26.
        Unrouted nets 2 at the end of iteration 126.
    route iteration 126, CPU time elapsed 0.000000 sec.
    forward max bucket size 20 , backward 10.
        Unrouted nets 2 at the end of iteration 127.
    route iteration 127, CPU time elapsed 0.000000 sec.
    forward max bucket size 17 , backward 12.
        Unrouted nets 2 at the end of iteration 128.
    route iteration 128, CPU time elapsed 0.000000 sec.
    forward max bucket size 22 , backward 21.
        Unrouted nets 2 at the end of iteration 129.
    route iteration 129, CPU time elapsed 0.000000 sec.
    forward max bucket size 17 , backward 18.
        Unrouted nets 2 at the end of iteration 130.
    route iteration 130, CPU time elapsed 0.000000 sec.
    forward max bucket size 16 , backward 9.
        Unrouted nets 2 at the end of iteration 131.
    route iteration 131, CPU time elapsed 0.000000 sec.
    forward max bucket size 16 , backward 12.
        Unrouted nets 2 at the end of iteration 132.
    route iteration 132, CPU time elapsed 0.000000 sec.
    forward max bucket size 19 , backward 21.
        Unrouted nets 2 at the end of iteration 133.
    route iteration 133, CPU time elapsed 0.000000 sec.
    forward max bucket size 17 , backward 10.
        Unrouted nets 2 at the end of iteration 134.
    route iteration 134, CPU time elapsed 0.000000 sec.
    forward max bucket size 22 , backward 21.
        Unrouted nets 2 at the end of iteration 135.
    route iteration 135, CPU time elapsed 0.015625 sec.
    forward max bucket size 16 , backward 7.
        Unrouted nets 2 at the end of iteration 136.
    route iteration 136, CPU time elapsed 0.000000 sec.
    forward max bucket size 17 , backward 9.
        Unrouted nets 2 at the end of iteration 137.
    route iteration 137, CPU time elapsed 0.000000 sec.
    forward max bucket size 22 , backward 21.
        Unrouted nets 2 at the end of iteration 138.
    route iteration 138, CPU time elapsed 0.000000 sec.
    forward max bucket size 16 , backward 7.
        Unrouted nets 2 at the end of iteration 139.
    route iteration 139, CPU time elapsed 0.000000 sec.
    forward max bucket size 17 , backward 9.
        Unrouted nets 2 at the end of iteration 140.
    route iteration 140, CPU time elapsed 0.000000 sec.
    forward max bucket size 22 , backward 21.
        Unrouted nets 2 at the end of iteration 141.
    route iteration 141, CPU time elapsed 0.000000 sec.
    forward max bucket size 16 , backward 6.
        Unrouted nets 2 at the end of iteration 142.
    route iteration 142, CPU time elapsed 0.000000 sec.
    forward max bucket size 17 , backward 11.
        Unrouted nets 2 at the end of iteration 143.
    route iteration 143, CPU time elapsed 0.000000 sec.
    forward max bucket size 22 , backward 22.
        Unrouted nets 2 at the end of iteration 144.
    route iteration 144, CPU time elapsed 0.015625 sec.
    forward max bucket size 16 , backward 6.
        Unrouted nets 2 at the end of iteration 145.
    route iteration 145, CPU time elapsed 0.000000 sec.
    forward max bucket size 17 , backward 10.
        Unrouted nets 2 at the end of iteration 146.
    route iteration 146, CPU time elapsed 0.000000 sec.
    forward max bucket size 22 , backward 19.
        Unrouted nets 2 at the end of iteration 147.
    route iteration 147, CPU time elapsed 0.000000 sec.
    forward max bucket size 17 , backward 15.
        Unrouted nets 2 at the end of iteration 148.
    route iteration 148, CPU time elapsed 0.000000 sec.
    forward max bucket size 16 , backward 7.
        Unrouted nets 2 at the end of iteration 149.
    route iteration 149, CPU time elapsed 0.000000 sec.
    forward max bucket size 16 , backward 11.
        Unrouted nets 2 at the end of iteration 150.
    route iteration 150, CPU time elapsed 0.000000 sec.
    forward max bucket size 17 , backward 17.
        Unrouted nets 2 at the end of iteration 151.
    route iteration 151, CPU time elapsed 0.000000 sec.
    forward max bucket size 16 , backward 10.
        Unrouted nets 2 at the end of iteration 152.
    route iteration 152, CPU time elapsed 0.000000 sec.
    forward max bucket size 16 , backward 11.
        Unrouted nets 2 at the end of iteration 153.
    route iteration 153, CPU time elapsed 0.000000 sec.
    forward max bucket size 17 , backward 16.
        Unrouted nets 2 at the end of iteration 154.
    route iteration 154, CPU time elapsed 0.015625 sec.
    forward max bucket size 16 , backward 7.
        Unrouted nets 2 at the end of iteration 155.
    route iteration 155, CPU time elapsed 0.000000 sec.
    forward max bucket size 16 , backward 10.
        Unrouted nets 2 at the end of iteration 156.
    route iteration 156, CPU time elapsed 0.000000 sec.
    forward max bucket size 17 , backward 17.
        Unrouted nets 2 at the end of iteration 157.
    route iteration 157, CPU time elapsed 0.000000 sec.
    forward max bucket size 16 , backward 7.
        Unrouted nets 2 at the end of iteration 158.
    route iteration 158, CPU time elapsed 0.000000 sec.
    forward max bucket size 16 , backward 12.
        Unrouted nets 2 at the end of iteration 159.
    route iteration 159, CPU time elapsed 0.000000 sec.
    forward max bucket size 17 , backward 19.
        Unrouted nets 2 at the end of iteration 160.
    route iteration 160, CPU time elapsed 0.000000 sec.
Detailed routing takes 160 iterations
    Unrouted nets 3 at the end of fading iteration 11.
    Unrouted nets 5 at the end of fading iteration 10.
    Unrouted nets 2 at the end of fading iteration 9.
    Unrouted nets 2 at the end of fading iteration 8.
    Unrouted nets 2 at the end of fading iteration 7.
    Unrouted nets 2 at the end of fading iteration 6.
    Unrouted nets 2 at the end of fading iteration 5.
    Unrouted nets 0 at the end of fading iteration 4.
Fading routing takes 8 iterations.
C: Route-2036: The clock path from u_CORES/u_GTP_SCANCHAIN_PG/scanchain:TCK_USER to clkbufg_4/gopclkbufg:CLK is routed by SRB.
C: Route-2036: The clock path from u_CORES/u_GTP_SCANCHAIN_PG/scanchain:CAPDR to clkbufg_6/gopclkbufg:CLK is routed by SRB.
C: Route-2036: The clock path from es1_dsclk_ibuf/opit_1:OUT to clkbufg_7/gopclkbufg:CLK is routed by SRB.
C: Route-2036: The clock path from ES7243E_reg_config/clock_i2c/opit_0_L5Q:Q to ES7243E_reg_config/config_step_2/opit_0_inv:CLK is routed by SRB.
Detailed routing takes 3.16 sec.
Start fix hold violation.
Build tmp routing results takes 0.00 sec.
Timing analysis takes 0.09 sec.
Hold violation fix iter 0 takes 0.00 sec, total_step_forward 164.
Incremental timing analysis takes 0.05 sec.
Hold violation fix iter 1 takes 0.00 sec, total_step_forward 0.
Hold Violation Fix in router takes 2 iterations.
Fix hold violation Finished.
Hold Violation Fix in router takes 0.28 sec.

Dispose routing result:
    Collect routing result.
    Delete unused device instances.
    Annotate routing result.
    Change LUT configuration.
    Dispose misc instances.
    Annotate routing result again.
Finish routing takes 0.12 sec.
Used SRB routing arc is 11418.
Cleanup routing takes 0.00 sec.
Routing done.
Total routing takes 18.05 sec.


Device Utilization Summary :
+---------------------------------------------------------------------------+
| Logic Utilization        | Used     | Available     | Utilization(%)     
+---------------------------------------------------------------------------+
| Use of APM               | 0        | 84            | 0                  
| Use of BKCL              | 3        | 4             | 75                 
| Use of CLMA              | 190      | 6450          | 3                  
|   FF                     | 541      | 38700         | 2                  
|   LUT                    | 550      | 25800         | 3                  
|   LUT-FF pairs           | 308      | 25800         | 2                  
| Use of CLMS              | 84       | 4250          | 2                  
|   FF                     | 211      | 25500         | 1                  
|   LUT                    | 236      | 17000         | 2                  
|   LUT-FF pairs           | 139      | 17000         | 1                  
|   Distributed RAM        | 0        | 17000         | 0                  
| Use of CRYSTAL           | 0        | 2             | 0                  
| Use of DLL               | 0        | 10            | 0                  
| Use of DQSL              | 0        | 18            | 0                  
| Use of DRM               | 12.5     | 134           | 10                 
| Use of FUSECODE          | 0        | 1             | 0                  
| Use of HARD0N1           | 118      | 6672          | 2                  
| Use of HSST              | 0        | 1             | 0                  
| Use of IO                | 20       | 296           | 7                  
|   IOBD                   | 10       | 64            | 16                 
|   IOBR_LR                | 0        | 7             | 0                  
|   IOBR_TB                | 1        | 8             | 13                 
|   IOBS_LR                | 2        | 161           | 2                  
|   IOBS_TB                | 7        | 56            | 13                 
| Use of IOCKDIV           | 0        | 20            | 0                  
| Use of IOCKDLY           | 0        | 40            | 0                  
| Use of IOCKGATE          | 0        | 20            | 0                  
| Use of IOCKGMUX_TEST     | 0        | 20            | 0                  
| Use of IOL               | 20       | 400           | 5                  
| Use of IPAL              | 0        | 1             | 0                  
| Use of LDO               | 0        | 4             | 0                  
| Use of MFG_TEST          | 0        | 1             | 0                  
| Use of OSC               | 0        | 1             | 0                  
| Use of PCIE              | 0        | 1             | 0                  
| Use of PIOMUX_TEST       | 0        | 10            | 0                  
| Use of PLL               | 1        | 5             | 20                 
| Use of PREGMUX_TEST      | 0        | 6             | 0                  
| Use of RCKB              | 0        | 24            | 0                  
| Use of RCKBMUX_TEST      | 0        | 12            | 0                  
| Use of RESCAL            | 0        | 4             | 0                  
| Use of SCANCHAIN         | 1        | 2             | 50                 
| Use of START             | 1        | 1             | 100                
| Use of UDID              | 0        | 1             | 0                  
| Use of USCM              | 6        | 30            | 20                 
| Use of USCMMUX_TEST      | 0        | 30            | 0                  
| Use of VCKBMUX_TEST      | 0        | 12            | 0                  
+---------------------------------------------------------------------------+

Finished routing. (CPU time elapsed 0h:00m:18s)
Design 'voice_loop_test' has been placed and routed successfully.
Saving design to DB.
Finished placement and routing. (CPU time elapsed 0h:00m:32s)
Action pnr: Real time elapsed is 0h:0m:35s
Action pnr: CPU time elapsed is 0h:0m:33s
Action pnr: Process CPU time elapsed is 0h:0m:33s
Current time: Tue Jan 16 18:04:28 2024
Action pnr: Peak memory pool usage is 794 MB
