#Build: Fabric Compiler 2022.1, Build 99559, Jul 12 00:20 2022
#Install: D:\software\pango2022.1\PDS_2022.1\bin
#Application name: pds_shell.exe
#OS: Windows 10 10.0.22621
#Hostname: DESKTOP-NTRMANG
Generated by Fabric Compiler (version 2022.1 build 99559) at Tue Jan 16 17:30:06 2024
Compiling verification operator library.
Compiling common defs.
Loading technology operator library.
Compiling technology operator library.
Compiling technology operator (valence) library.
Compiling operator packing rules.
Compiling prim grid devices.
Compiling gate devices.
Compiling gate operators.
Compiling tech operator impls.
Building architecture model.
Loading device packaging model.
Reading design from translate DB.
License checkout: fabric_inserter
Generating cores. Please be patient as this can take several minutes...
  >Generating core DebugCore0...
  >Running ADS for debugcore...
  >Making net connections...
Core Insertion Complete.
C: SDC-2025: Clock source 'n:clock_i2c' need a clock constraint, please use 'create_clock' or 'create_generate_clock' to generate.
C: SDC-2025: Clock source 'n:ES7243E_reg_config_demo/clock_i2c' need a clock constraint, please use 'create_clock' or 'create_generate_clock' to generate.
Flattening design 'voice_loop_test'
W: Public-4008: Instance 'u_CORES/u_debug_core_0/u_hub_data_decode/conf_rden[1]' of 'GTP_DFF_C' unit is dangling and will be cleaned.
W: Public-4008: Instance 'u_CORES/u_debug_core_0/u_hub_data_decode/conf_rden[2]' of 'GTP_DFF_C' unit is dangling and will be cleaned.
W: Public-4008: Instance 'u_CORES/u_debug_core_0/u_hub_data_decode/conf_rden[3]' of 'GTP_DFF_C' unit is dangling and will be cleaned.
W: Public-4008: Instance 'u_CORES/u_debug_core_0/u_hub_data_decode/conf_rden[4]' of 'GTP_DFF_C' unit is dangling and will be cleaned.
W: Public-4008: Instance 'u_CORES/u_debug_core_0/u_hub_data_decode/conf_rden[5]' of 'GTP_DFF_C' unit is dangling and will be cleaned.
W: Public-4008: Instance 'u_CORES/u_debug_core_0/u_hub_data_decode/conf_rden[6]' of 'GTP_DFF_C' unit is dangling and will be cleaned.
W: Public-4008: Instance 'u_CORES/u_debug_core_0/u_hub_data_decode/conf_rden[7]' of 'GTP_DFF_C' unit is dangling and will be cleaned.
W: Public-4008: Instance 'u_CORES/u_debug_core_0/u_hub_data_decode/conf_rden[8]' of 'GTP_DFF_C' unit is dangling and will be cleaned.
W: Public-4008: Instance 'u_CORES/u_debug_core_0/u_hub_data_decode/conf_rden[9]' of 'GTP_DFF_C' unit is dangling and will be cleaned.
W: Public-4008: Instance 'u_CORES/u_debug_core_0/u_hub_data_decode/conf_rden[10]' of 'GTP_DFF_C' unit is dangling and will be cleaned.
W: Public-4008: Instance 'u_CORES/u_debug_core_0/u_hub_data_decode/conf_rden[11]' of 'GTP_DFF_C' unit is dangling and will be cleaned.
W: Public-4008: Instance 'u_CORES/u_debug_core_0/u_hub_data_decode/conf_rden[12]' of 'GTP_DFF_C' unit is dangling and will be cleaned.
W: Public-4008: Instance 'u_CORES/u_debug_core_0/u_hub_data_decode/conf_rden[13]' of 'GTP_DFF_C' unit is dangling and will be cleaned.
W: Public-4008: Instance 'u_CORES/u_debug_core_0/u_hub_data_decode/conf_rden[14]' of 'GTP_DFF_C' unit is dangling and will be cleaned.
W: Public-4008: Instance 'u_CORES/u_debug_core_0/u_hub_data_decode/conf_rden[15]' of 'GTP_DFF_C' unit is dangling and will be cleaned.
W: Public-4008: Instance 'u_CORES/u_debug_core_0/u_hub_data_decode/conf_rden[17]' of 'GTP_DFF_C' unit is dangling and will be cleaned.
W: Public-4008: Instance 'u_CORES/u_debug_core_0/u_hub_data_decode/conf_rden[19]' of 'GTP_DFF_C' unit is dangling and will be cleaned.
W: Public-4008: Instance 'u_CORES/u_debug_core_0/u_hub_data_decode/conf_sel_int[1]' of 'GTP_DFF_C' unit is dangling and will be cleaned.
W: Public-4008: Instance 'u_CORES/u_debug_core_0/u_hub_data_decode/conf_sel_int[2]' of 'GTP_DFF_C' unit is dangling and will be cleaned.
W: Public-4008: Instance 'u_CORES/u_debug_core_0/u_hub_data_decode/conf_sel_int[3]' of 'GTP_DFF_C' unit is dangling and will be cleaned.
W: Public-4008: Instance 'u_CORES/u_debug_core_0/u_hub_data_decode/conf_sel_int[4]' of 'GTP_DFF_C' unit is dangling and will be cleaned.
W: Public-4008: Instance 'u_CORES/u_debug_core_0/u_hub_data_decode/conf_sel_int[5]' of 'GTP_DFF_C' unit is dangling and will be cleaned.
W: Public-4008: Instance 'u_CORES/u_debug_core_0/u_hub_data_decode/conf_sel_int[6]' of 'GTP_DFF_C' unit is dangling and will be cleaned.
W: Public-4008: Instance 'u_CORES/u_debug_core_0/u_hub_data_decode/conf_sel_int[7]' of 'GTP_DFF_C' unit is dangling and will be cleaned.
W: Public-4008: Instance 'u_CORES/u_debug_core_0/u_hub_data_decode/conf_sel_int[8]' of 'GTP_DFF_C' unit is dangling and will be cleaned.
W: Public-4008: Instance 'u_CORES/u_debug_core_0/u_hub_data_decode/conf_sel_int[9]' of 'GTP_DFF_C' unit is dangling and will be cleaned.
W: Public-4008: Instance 'u_CORES/u_debug_core_0/u_hub_data_decode/conf_sel_int[10]' of 'GTP_DFF_C' unit is dangling and will be cleaned.
W: Public-4008: Instance 'u_CORES/u_debug_core_0/u_hub_data_decode/conf_sel_int[11]' of 'GTP_DFF_C' unit is dangling and will be cleaned.
W: Public-4008: Instance 'u_CORES/u_debug_core_0/u_hub_data_decode/conf_sel_int[12]' of 'GTP_DFF_C' unit is dangling and will be cleaned.
W: Public-4008: Instance 'u_CORES/u_debug_core_0/u_hub_data_decode/conf_sel_int[13]' of 'GTP_DFF_C' unit is dangling and will be cleaned.
W: Public-4008: Instance 'u_CORES/u_debug_core_0/u_hub_data_decode/conf_sel_int[14]' of 'GTP_DFF_C' unit is dangling and will be cleaned.
W: Public-4008: Instance 'u_CORES/u_debug_core_0/u_hub_data_decode/conf_sel_int[15]' of 'GTP_DFF_C' unit is dangling and will be cleaned.
W: Public-4008: Instance 'u_CORES/u_debug_core_0/u_hub_data_decode/conf_sel_int[17]' of 'GTP_DFF_C' unit is dangling and will be cleaned.
W: Public-4008: Instance 'u_CORES/u_debug_core_0/u_hub_data_decode/conf_sel_int[19]' of 'GTP_DFF_C' unit is dangling and will be cleaned.
Device mapping started.
Optimizing circuit logic.
W: Public-4008: Instance 'ce' of 'GTP_DFF_R' unit is dangling and will be cleaned.
W: Public-4008: Instance 'cnt_12M[0]' of 'GTP_DFF_R' unit is dangling and will be cleaned.
W: Public-4008: Instance 'cnt_12M[1]' of 'GTP_DFF_R' unit is dangling and will be cleaned.
W: Public-4008: Instance 'cnt_12M[2]' of 'GTP_DFF_R' unit is dangling and will be cleaned.
W: Public-4008: Instance 'cnt_12M[3]' of 'GTP_DFF_R' unit is dangling and will be cleaned.
W: Public-4008: Instance 'cnt_12M[4]' of 'GTP_DFF_R' unit is dangling and will be cleaned.
W: Public-4008: Instance 'cnt_12M[5]' of 'GTP_DFF_R' unit is dangling and will be cleaned.
W: Public-4008: Instance 'cnt_12M[6]' of 'GTP_DFF_R' unit is dangling and will be cleaned.
W: Public-4008: Instance 'cnt_12M[7]' of 'GTP_DFF_R' unit is dangling and will be cleaned.
W: Public-4008: Instance 'cnt_12M[8]' of 'GTP_DFF_R' unit is dangling and will be cleaned.
W: Public-4008: Instance 'cnt_12M[9]' of 'GTP_DFF_R' unit is dangling and will be cleaned.
W: Public-4008: Instance 'cnt_12M[10]' of 'GTP_DFF_R' unit is dangling and will be cleaned.
W: Public-4008: Instance 'cnt_12M[11]' of 'GTP_DFF_R' unit is dangling and will be cleaned.
W: Public-4008: Instance 'cnt_12M[12]' of 'GTP_DFF_R' unit is dangling and will be cleaned.
W: Public-4008: Instance 'cnt_12M[13]' of 'GTP_DFF_R' unit is dangling and will be cleaned.
W: Public-4008: Instance 'cnt_12M[14]' of 'GTP_DFF_R' unit is dangling and will be cleaned.
W: Public-4008: Instance 'cnt_12M[15]' of 'GTP_DFF_R' unit is dangling and will be cleaned.
W: Public-4008: Instance 'cnt_12M[16]' of 'GTP_DFF_R' unit is dangling and will be cleaned.
W: Public-4008: Instance 'ES7243E_reg_config_demo/clock_cnt[0]' of 'GTP_DFF_R' unit is dangling and will be cleaned.
W: Public-4008: Instance 'ES7243E_reg_config_demo/clock_cnt[1]' of 'GTP_DFF_R' unit is dangling and will be cleaned.
W: Public-4008: Instance 'ES7243E_reg_config_demo/clock_cnt[2]' of 'GTP_DFF_R' unit is dangling and will be cleaned.
W: Public-4008: Instance 'ES7243E_reg_config_demo/clock_cnt[3]' of 'GTP_DFF_R' unit is dangling and will be cleaned.
W: Public-4008: Instance 'ES7243E_reg_config_demo/clock_i2c' of 'GTP_DFF' unit is dangling and will be cleaned.
W: Public-4008: Instance 'ES7243E_reg_config_demo/config_step_0' of 'GTP_DFF_SE' unit is dangling and will be cleaned.
W: Public-4008: Instance 'ES7243E_reg_config_demo/config_step_1' of 'GTP_DFF_RE' unit is dangling and will be cleaned.
W: Public-4008: Instance 'ES7243E_reg_config_demo/config_step_2' of 'GTP_DFF_RE' unit is dangling and will be cleaned.
W: Public-4008: Instance 'ES7243E_reg_config_demo/reg_conf_done_reg' of 'GTP_DFF_R' unit is dangling and will be cleaned.
W: Public-4008: Instance 'ES7243E_reg_config_demo/reg_index[0]' of 'GTP_DFF_RE' unit is dangling and will be cleaned.
W: Public-4008: Instance 'ES7243E_reg_config_demo/reg_index[1]' of 'GTP_DFF_RE' unit is dangling and will be cleaned.
W: Public-4008: Instance 'ES7243E_reg_config_demo/reg_index[2]' of 'GTP_DFF_RE' unit is dangling and will be cleaned.
W: Public-4008: Instance 'ES7243E_reg_config_demo/reg_index[3]' of 'GTP_DFF_RE' unit is dangling and will be cleaned.
W: Public-4008: Instance 'ES7243E_reg_config_demo/reg_index[4]' of 'GTP_DFF_RE' unit is dangling and will be cleaned.
W: Public-4008: Instance 'ES7243E_reg_config_demo/reg_index[5]' of 'GTP_DFF_RE' unit is dangling and will be cleaned.
W: Public-4008: Instance 'ES7243E_reg_config_demo/start' of 'GTP_DFF_R' unit is dangling and will be cleaned.
W: Public-4008: Instance 'ES7243E_reg_config/u_i2c_com/ack1' of 'GTP_DFF_S' unit is dangling and will be cleaned.
W: Public-4008: Instance 'ES7243E_reg_config/u_i2c_com/ack2' of 'GTP_DFF_S' unit is dangling and will be cleaned.
W: Public-4008: Instance 'ES7243E_reg_config/u_i2c_com/ack3' of 'GTP_DFF_S' unit is dangling and will be cleaned.
W: Public-4008: Instance 'ES7243E_reg_config_demo/u_i2c_com/ack1' of 'GTP_DFF_S' unit is dangling and will be cleaned.
W: Public-4008: Instance 'ES7243E_reg_config_demo/u_i2c_com/ack2' of 'GTP_DFF_S' unit is dangling and will be cleaned.
W: Public-4008: Instance 'ES7243E_reg_config_demo/u_i2c_com/ack3' of 'GTP_DFF_S' unit is dangling and will be cleaned.
W: Public-4008: Instance 'ES7243E_reg_config_demo/u_i2c_com/cyc_count[0]' of 'GTP_DFF_SE' unit is dangling and will be cleaned.
W: Public-4008: Instance 'ES7243E_reg_config_demo/u_i2c_com/cyc_count[1]' of 'GTP_DFF_SE' unit is dangling and will be cleaned.
W: Public-4008: Instance 'ES7243E_reg_config_demo/u_i2c_com/cyc_count[2]' of 'GTP_DFF_SE' unit is dangling and will be cleaned.
W: Public-4008: Instance 'ES7243E_reg_config_demo/u_i2c_com/cyc_count[3]' of 'GTP_DFF_SE' unit is dangling and will be cleaned.
W: Public-4008: Instance 'ES7243E_reg_config_demo/u_i2c_com/cyc_count[4]' of 'GTP_DFF_SE' unit is dangling and will be cleaned.
W: Public-4008: Instance 'ES7243E_reg_config_demo/u_i2c_com/cyc_count[5]' of 'GTP_DFF_SE' unit is dangling and will be cleaned.
W: Public-4008: Instance 'ES7243E_reg_config_demo/u_i2c_com/cyc_count[6]' of 'GTP_DFF_SE' unit is dangling and will be cleaned.
W: Public-4008: Instance 'ES7243E_reg_config_demo/u_i2c_com/reg_sdat' of 'GTP_DFF_S' unit is dangling and will be cleaned.
W: Public-4008: Instance 'ES7243E_reg_config_demo/u_i2c_com/tr_end' of 'GTP_DFF_R' unit is dangling and will be cleaned.
W: Public-4008: Instance 'ES8156_reg_config/u_i2c_com/ack1' of 'GTP_DFF_S' unit is dangling and will be cleaned.
W: Public-4008: Instance 'ES8156_reg_config/u_i2c_com/ack2' of 'GTP_DFF_S' unit is dangling and will be cleaned.
W: Public-4008: Instance 'ES8156_reg_config/u_i2c_com/ack3' of 'GTP_DFF_S' unit is dangling and will be cleaned.
Checking design netlist.
Processing tech operator.
I: The instance clkbufg_3(GTP_CLKBUFG) has been inserted on the net nt_es1_mclk in design, driver pin CLKOUT0(instance u_pll/u_pll_e3) -> load pin CLK(instance ES7243E_reg_config/clock_cnt[0]).
I: The instance clkbufg_4(GTP_CLKBUFG) has been inserted on the net u_CORES/drck_o in design, driver pin TCK_USER(instance u_CORES/u_GTP_SCANCHAIN_PG) -> load pin CLK(instance u_CORES/u_debug_core_0/u0_trig_unit/conf_reg[0]).
I: The instance clkbufg_5(GTP_CLKBUFG) has been inserted on the net nt_es0_dsclk in design, driver pin O(instance es0_dsclk_ibuf) -> load pin CLK(instance ES7243_i2s_rx/cnt[0]).
I: The instance clkbufg_6(GTP_CLKBUFG) has been inserted on the net u_CORES/capt_o in design, driver pin CAPDR(instance u_CORES/u_GTP_SCANCHAIN_PG) -> load pin CLK(instance u_CORES/u_debug_core_0/u_hub_data_decode/id_sample.conf_id[0]).
I: The instance clkbufg_7(GTP_CLKBUFG) has been inserted on the net nt_es1_dsclk in design, driver pin O(instance es1_dsclk_ibuf) -> load pin I(instance ES8156_i2s_tx/N13).
Converting tech operator to gate operator.
Processing gate operator.
I: Infer CARRY group, base inst: N32_0_1/gateop, insts:18.
I: Infer CARRY group, base inst: ES7243E_reg_config/N34_1_1/gateop, insts:5.
I: Infer CARRY group, base inst: ES7243E_reg_config/u_i2c_com/N36_1_1/gateop, insts:6.
I: Infer CARRY group, base inst: ES8156_reg_config/u_i2c_com/N36_1_1/gateop, insts:6.
I: Infer CARRY group, base inst: u_CORES/u_debug_core_0/u_Storage_Condition/N263_1_0/gateop, insts:13.
I: Infer CARRY group, base inst: u_CORES/u_debug_core_0/u_Storage_Condition/N282_1.fsub_1/gateop, insts:12.
I: Infer CARRY group, base inst: u_CORES/u_debug_core_0/u_Storage_Condition/N315_1_1/gateop, insts:12.
I: Infer CARRY group, base inst: u_CORES/u_debug_core_0/u_Storage_Condition/N324_1_1/gateop, insts:12.
I: Infer CARRY group, base inst: u_CORES/u_debug_core_0/u_rd_addr_gen/N2_1_1/gateop, insts:7.
I: Infer CARRY group, base inst: u_CORES/u_debug_core_0/u_rd_addr_gen/N38_1_1/gateop, insts:12.
I: Infer CARRY group, base inst: u_CORES/u_debug_core_0/u0_trig_unit/u_cfg_reg_file/N164_1_1/gateop, insts:6.
Device mapping done.
Total device mapping takes 0.12 sec.

Device Utilization Summary:
+------------------------------------------------------------------------+
| Logic Utilization     | Used     | Available     | Utilization(%)     
+------------------------------------------------------------------------+
| APM                   | 0        | 84            | 0                  
| IOCKDLY               | 0        | 40            | 0                  
| FF                    | 752      | 64200         | 2                  
| LUT                   | 783      | 42800         | 2                  
| Distributed RAM       | 0        | 17000         | 0                  
| DLL                   | 0        | 10            | 0                  
| DQSL                  | 0        | 18            | 0                  
| DRM                   | 12.5     | 134           | 10                 
| FUSECODE              | 0        | 1             | 0                  
| IO                    | 20       | 296           | 7                  
| IOCKDIV               | 0        | 20            | 0                  
| IOCKGATE              | 0        | 20            | 0                  
| IPAL                  | 0        | 1             | 0                  
| PLL                   | 1        | 5             | 20                 
| RCKB                  | 0        | 24            | 0                  
| SCANCHAIN             | 1        | 2             | 50                 
| START                 | 0        | 1             | 0                  
| USCM                  | 5        | 30            | 17                 
| HSST                  | 0        | 1             | 0                  
| OSC                   | 0        | 1             | 0                  
| CRYSTAL               | 0        | 2             | 0                  
| RESCAL                | 0        | 4             | 0                  
| UDID                  | 0        | 1             | 0                  
| PCIE                  | 0        | 1             | 0                  
+------------------------------------------------------------------------+

Design 'voice_loop_test' has been successfully mapped to architecture-specific objects.
Saving design to DB.
W: Public-4010: Pcf file D:/admin/desktop/voice_loop_50/device_map/voice_loop_test.pcf has been covered.
Action dev_map: Real time elapsed is 0h:0m:13s
Action dev_map: CPU time elapsed is 0h:0m:3s
Action dev_map: Process CPU time elapsed is 0h:0m:3s
Current time: Tue Jan 16 17:30:18 2024
Action dev_map: Peak memory pool usage is 248 MB
