#Build: Fabric Compiler 2022.2-SP1-Lite, Build 132640, Aug 18 15:12 2023
#Install: C:\pango\PDS_2022.2-SP1-Lite\bin
#Application name: pds_shell.exe
#OS: Windows 10 10.0.22635
#Hostname: shxuuer
Generated by Fabric Compiler (version 2022.2-SP1-Lite build 132640) at Fri Apr 19 23:59:32 2024
Compiling verification operator library.
Compiling common defs.
Compiling prim grid devices.
Compiling gate devices.
Compiling gate operators.
Building architecture model.
Loading device packaging model.
pnr strategy configuration : 
strategy name : 0
Building architecture floorplan logic view.
Constraint check start.
Executing : def_port {es7243_sda} LOC=AB10 VCCIO=3.3 IOSTANDARD=LVCMOS33 DRIVE=8 SLEW=SLOW NONE=TRUE
Executing : def_port {es7243_sda} LOC=AB10 VCCIO=3.3 IOSTANDARD=LVCMOS33 DRIVE=8 SLEW=SLOW NONE=TRUE successfully
Executing : def_port {es8156_sda} LOC=AB8 VCCIO=3.3 IOSTANDARD=LVCMOS33 DRIVE=8 SLEW=SLOW NONE=TRUE
Executing : def_port {es8156_sda} LOC=AB8 VCCIO=3.3 IOSTANDARD=LVCMOS33 DRIVE=8 SLEW=SLOW NONE=TRUE successfully
Executing : def_port {adc_dac_int} LOC=B3 VCCIO=3.3 IOSTANDARD=LVCMOS33 DRIVE=8 SLEW=SLOW NONE=TRUE
Executing : def_port {adc_dac_int} LOC=B3 VCCIO=3.3 IOSTANDARD=LVCMOS33 DRIVE=8 SLEW=SLOW NONE=TRUE successfully
Executing : def_port {es0_mclk} LOC=V11 VCCIO=3.3 IOSTANDARD=LVCMOS33 DRIVE=8 SLEW=SLOW NONE=TRUE
Executing : def_port {es0_mclk} LOC=V11 VCCIO=3.3 IOSTANDARD=LVCMOS33 DRIVE=8 SLEW=SLOW NONE=TRUE successfully
Executing : def_port {es1_mclk} LOC=Y6 VCCIO=3.3 IOSTANDARD=LVCMOS33 DRIVE=8 SLEW=SLOW NONE=TRUE
Executing : def_port {es1_mclk} LOC=Y6 VCCIO=3.3 IOSTANDARD=LVCMOS33 DRIVE=8 SLEW=SLOW NONE=TRUE successfully
Executing : def_port {es1_sdout} LOC=AB5 VCCIO=3.3 IOSTANDARD=LVCMOS33 DRIVE=8 SLEW=SLOW NONE=TRUE
C: ConstraintEditor-2002: [C:/Users/a2711/Desktop/voice_loop_50/device_map/voice_loop_test.pcf(line number: 8)] | Port es1_sdout has been placed at location AB5, whose type is share pin.
Executing : def_port {es1_sdout} LOC=AB5 VCCIO=3.3 IOSTANDARD=LVCMOS33 DRIVE=8 SLEW=SLOW NONE=TRUE successfully
Executing : def_port {es7243_scl} LOC=AA10 VCCIO=3.3 IOSTANDARD=LVCMOS33 DRIVE=8 SLEW=SLOW NONE=TRUE
Executing : def_port {es7243_scl} LOC=AA10 VCCIO=3.3 IOSTANDARD=LVCMOS33 DRIVE=8 SLEW=SLOW NONE=TRUE successfully
Executing : def_port {es8156_scl} LOC=AA8 VCCIO=3.3 IOSTANDARD=LVCMOS33 DRIVE=8 SLEW=SLOW NONE=TRUE
Executing : def_port {es8156_scl} LOC=AA8 VCCIO=3.3 IOSTANDARD=LVCMOS33 DRIVE=8 SLEW=SLOW NONE=TRUE successfully
Executing : def_port {lin_led} LOC=B2 VCCIO=3.3 IOSTANDARD=LVCMOS33 DRIVE=8 SLEW=SLOW NONE=TRUE
Executing : def_port {lin_led} LOC=B2 VCCIO=3.3 IOSTANDARD=LVCMOS33 DRIVE=8 SLEW=SLOW NONE=TRUE successfully
Executing : def_port {lout_led} LOC=A2 VCCIO=3.3 IOSTANDARD=LVCMOS33 DRIVE=8 SLEW=SLOW NONE=TRUE
Executing : def_port {lout_led} LOC=A2 VCCIO=3.3 IOSTANDARD=LVCMOS33 DRIVE=8 SLEW=SLOW NONE=TRUE successfully
Executing : def_port {es0_alrck} LOC=AB11 VCCIO=3.3 IOSTANDARD=LVCMOS33 NONE=TRUE
Executing : def_port {es0_alrck} LOC=AB11 VCCIO=3.3 IOSTANDARD=LVCMOS33 NONE=TRUE successfully
Executing : def_port {es0_dsclk} LOC=Y11 VCCIO=3.3 IOSTANDARD=LVCMOS33 NONE=TRUE
Executing : def_port {es0_dsclk} LOC=Y11 VCCIO=3.3 IOSTANDARD=LVCMOS33 NONE=TRUE successfully
Executing : def_port {es0_sdin} LOC=W11 VCCIO=3.3 IOSTANDARD=LVCMOS33 NONE=TRUE
Executing : def_port {es0_sdin} LOC=W11 VCCIO=3.3 IOSTANDARD=LVCMOS33 NONE=TRUE successfully
Executing : def_port {es1_dlrc} LOC=Y5 VCCIO=3.3 IOSTANDARD=LVCMOS33 NONE=TRUE
C: ConstraintEditor-2002: [C:/Users/a2711/Desktop/voice_loop_50/device_map/voice_loop_test.pcf(line number: 16)] | Port es1_dlrc has been placed at location Y5, whose type is share pin.
Executing : def_port {es1_dlrc} LOC=Y5 VCCIO=3.3 IOSTANDARD=LVCMOS33 NONE=TRUE successfully
Executing : def_port {es1_dsclk} LOC=W6 VCCIO=3.3 IOSTANDARD=LVCMOS33 NONE=TRUE
Executing : def_port {es1_dsclk} LOC=W6 VCCIO=3.3 IOSTANDARD=LVCMOS33 NONE=TRUE successfully
Executing : def_port {es1_sdin} LOC=W8 VCCIO=3.3 IOSTANDARD=LVCMOS33 NONE=TRUE
Executing : def_port {es1_sdin} LOC=W8 VCCIO=3.3 IOSTANDARD=LVCMOS33 NONE=TRUE successfully
Executing : def_port {key} LOC=K18 VCCIO=3.3 IOSTANDARD=LVCMOS33 NONE=TRUE
C: ConstraintEditor-2002: [C:/Users/a2711/Desktop/voice_loop_50/device_map/voice_loop_test.pcf(line number: 19)] | Port key has been placed at location K18, whose type is share pin.
Executing : def_port {key} LOC=K18 VCCIO=3.3 IOSTANDARD=LVCMOS33 NONE=TRUE successfully
Executing : def_port {lin_test} LOC=Y13 VCCIO=3.3 IOSTANDARD=LVCMOS33 NONE=TRUE
C: ConstraintEditor-2002: [C:/Users/a2711/Desktop/voice_loop_50/device_map/voice_loop_test.pcf(line number: 20)] | Port lin_test has been placed at location Y13, whose type is share pin.
Executing : def_port {lin_test} LOC=Y13 VCCIO=3.3 IOSTANDARD=LVCMOS33 NONE=TRUE successfully
Executing : def_port {lout_test} LOC=V7 VCCIO=3.3 IOSTANDARD=LVCMOS33 NONE=TRUE
Executing : def_port {lout_test} LOC=V7 VCCIO=3.3 IOSTANDARD=LVCMOS33 NONE=TRUE successfully
Executing : def_port {sys_clk} LOC=P20 VCCIO=3.3 IOSTANDARD=LVCMOS33 NONE=TRUE
Executing : def_port {sys_clk} LOC=P20 VCCIO=3.3 IOSTANDARD=LVCMOS33 NONE=TRUE successfully
Constraint check end.
I: Column Clock Check open.
Read Column Clock Map.

Placement started.
Phase 1 Pre global placement started.
Mapping instance u_CORES/u_GTP_SCANCHAIN_PG/scanchain to SCANCHAIN_325_0.
Mapping instance u_pll/u_pll_e3/goppll to PLL_158_55.
Phase 1.1 1st GP placement started.
Design Utilization : 2%.
First map gop timing takes 0.14 sec
Worst slack after clock region global placement is 15729
Wirelength after clock region global placement is 5385.
1st GP placement takes 1.66 sec.

Phase 1.2 Clock placement started.
Mapping instance clkbufg_3/gopclkbufg to USCM_84_108.
C: Place-2028: GLOBAL_CLOCK: the driver u_CORES/u_GTP_SCANCHAIN_PG/scanchain fixed at SCANCHAIN_325_0 is unreasonable. Sub-optimal placement for a clock source and a clock buffer.
Mapping instance clkbufg_4/gopclkbufg to USCM_84_110.
Mapping instance clkbufg_5/gopclkbufg to USCM_84_109.
C: Place-2028: GLOBAL_CLOCK: the driver es1_dsclk_ibuf/opit_1 fixed at IOL_39_6 is unreasonable. Sub-optimal placement for a clock source and a clock buffer.
Mapping instance clkbufg_6/gopclkbufg to USCM_84_111.
Clock placement takes 0.34 sec.

Pre global placement takes 2.38 sec.

Phase 2 Global placement started.
Phase 2.1 Fixed placement started.
Placed fixed group with base inst ES7243E_reg_config.u_i2c_com.i2c_sdat_tri/opit_1 on IOL_151_5.
Placed fixed group with base inst ES8156_reg_config.u_i2c_com.i2c_sdat_tri/opit_1 on IOL_119_5.
Placed fixed group with base inst adc_dac_int_obuf/opit_1 on IOL_35_374.
Placed fixed group with base inst es0_alrck_ibuf/opit_1 on IOL_159_5.
Placed fixed group with base inst es0_dsclk_ibuf/opit_1 on IOL_159_6.
Placed fixed group with base inst es0_mclk_obuf/opit_1 on IOL_135_6.
Placed fixed group with base inst es0_sdin_ibuf/opit_1 on IOL_135_5.
Placed fixed group with base inst es1_dlrc_ibuf/opit_1 on IOL_35_6.
Placed fixed group with base inst es1_dsclk_ibuf/opit_1 on IOL_39_6.
Placed fixed group with base inst es1_mclk_obuf/opit_1 on IOL_39_5.
Placed fixed group with base inst es1_sdin_ibuf/opit_1 on IOL_47_5.
Placed fixed group with base inst es1_sdout_obuf/opit_1 on IOL_35_5.
Placed fixed group with base inst es7243_scl_obuf/opit_1 on IOL_151_6.
Placed fixed group with base inst es8156_scl_obuf/opit_1 on IOL_119_6.
Placed fixed group with base inst key_ibuf/opit_1 on IOL_327_257.
Placed fixed group with base inst lin_led_obuf/opit_1 on IOL_19_374.
Placed fixed group with base inst lin_test_ibuf/opit_1 on IOL_167_6.
Placed fixed group with base inst lout_led_obuf/opit_1 on IOL_19_373.
Placed fixed group with base inst lout_test_ibuf/opit_1 on IOL_47_6.
Placed fixed group with base inst sys_clk_ibuf/opit_1 on IOL_327_210.
Placed fixed instance clkbufg_3/gopclkbufg on USCM_84_108.
Placed fixed instance clkbufg_4/gopclkbufg on USCM_84_110.
Placed fixed instance clkbufg_5/gopclkbufg on USCM_84_109.
Placed fixed instance clkbufg_6/gopclkbufg on USCM_84_111.
Placed fixed instance u_CORES/u_GTP_SCANCHAIN_PG/scanchain on SCANCHAIN_325_0.
Placed fixed instance u_pll/u_pll_e3/goppll on PLL_158_55.
Placed fixed instance BKCL_auto_0 on BKCL_188_376.
Placed fixed instance BKCL_auto_1 on BKCL_328_184.
Placed fixed instance BKCL_auto_2 on BKCL_192_0.
Fixed placement takes 0.03 sec.

Phase 2.2 Process placement started.
Process placement takes 0.00 sec.

Phase 2.3 IO placement started.
IO placement takes 0.00 sec.

Phase 2.4 2nd GP placement started.
Run super clustering :
	Initial slack 12387.
	6 iterations finished.
	Final slack 17842.
Super clustering done.
Design Utilization : 2%.
Worst slack after global placement is 16634
2nd GP placement takes 0.47 sec.

Wirelength after global placement is 5378.
Global placement takes 0.50 sec.

Phase 3 Post global placement started.
Phase 3.1 Macro cell placement started.
I: Process macros using "Greedy".
Wirelength after macro cell placement is 7248.
Macro cell placement takes 0.00 sec.

Phase 3.2 3rd GP placement started.
Run super clustering :
	Initial slack 12387.
	6 iterations finished.
	Final slack 17842.
Super clustering done.
Design Utilization : 2%.
Worst slack after post global placement is 16318
3rd GP placement takes 0.52 sec.

Wirelength after post global placement is 6589.
Post global placement takes 0.52 sec.

Phase 4 Legalization started.
The average distance in LP is 0.382812.
Wirelength after legalization is 7533.
Legalization takes 0.06 sec.

Phase 5 Timing-driven detailed placement started.
Phase 5.1 Replication placement started.
Worst slack before Replication Place is 16954.
Replication placement takes 0.05 sec.

Wirelength after replication placement is 7533.
Phase 5.2 DP placement started.
Legalized cost 16954.000000.
The detailed placement ends at 0th iteration.
DP placement takes 0.00 sec.

Wirelength after detailed placement is 7533.
Timing-driven detailed placement takes 0.05 sec.

Worst slack is 16954, TNS after placement is 0.
Placement done.
Total placement takes 3.77 sec.
Finished placement.

Routing started.
Building routing graph takes 1.11 sec.
Worst slack is 16954, TNS before global route is 0.
Processing design graph takes 0.30 sec.
Total memory for routing:
	116.060198 M.
Total nets for routing : 1374.
Rcf routing step 1 processed 0 nets, it takes 0.00 sec.
Rcf routing step 2 processed 0 nets, it takes 0.00 sec.
Rcf routing step 3 processed 0 nets, it takes 0.00 sec.
Unrouted nets 0 at the end of iteration 0.
Global Routing step 1 processed 109 nets, it takes 0.00 sec.
Unrouted nets 117 at the end of iteration 0.
Unrouted nets 77 at the end of iteration 1.
Unrouted nets 57 at the end of iteration 2.
Unrouted nets 48 at the end of iteration 3.
Unrouted nets 32 at the end of iteration 4.
Unrouted nets 31 at the end of iteration 5.
Unrouted nets 25 at the end of iteration 6.
Unrouted nets 20 at the end of iteration 7.
Unrouted nets 10 at the end of iteration 8.
Unrouted nets 6 at the end of iteration 9.
Unrouted nets 5 at the end of iteration 10.
Unrouted nets 5 at the end of iteration 11.
Unrouted nets 3 at the end of iteration 12.
Unrouted nets 4 at the end of iteration 13.
Unrouted nets 6 at the end of iteration 14.
Unrouted nets 4 at the end of iteration 15.
Unrouted nets 3 at the end of iteration 16.
Unrouted nets 3 at the end of iteration 17.
Unrouted nets 6 at the end of iteration 18.
Unrouted nets 4 at the end of iteration 19.
Unrouted nets 5 at the end of iteration 20.
Unrouted nets 4 at the end of iteration 21.
Unrouted nets 4 at the end of iteration 22.
Unrouted nets 3 at the end of iteration 23.
Unrouted nets 3 at the end of iteration 24.
Unrouted nets 2 at the end of iteration 25.
Unrouted nets 1 at the end of iteration 26.
Unrouted nets 1 at the end of iteration 27.
Unrouted nets 1 at the end of iteration 28.
Unrouted nets 1 at the end of iteration 29.
Unrouted nets 1 at the end of iteration 30.
Unrouted nets 1 at the end of iteration 31.
Unrouted nets 1 at the end of iteration 32.
Unrouted nets 1 at the end of iteration 33.
Unrouted nets 1 at the end of iteration 34.
Unrouted nets 1 at the end of iteration 35.
Unrouted nets 0 at the end of iteration 36.
Global Routing step 2 processed 179 nets, it takes 1.30 sec.
Unrouted nets 12 at the end of iteration 0.
Unrouted nets 8 at the end of iteration 1.
Unrouted nets 6 at the end of iteration 2.
Unrouted nets 0 at the end of iteration 3.
Global Routing step 3 processed 37 nets, it takes 0.06 sec.
Global routing takes 1.39 sec.
Total 1550 subnets.
    forward max bucket size 34315 , backward 128.
        Unrouted nets 820 at the end of iteration 0.
    route iteration 0, CPU time elapsed 2.062500 sec.
    forward max bucket size 1235 , backward 68.
        Unrouted nets 529 at the end of iteration 1.
    route iteration 1, CPU time elapsed 0.093750 sec.
    forward max bucket size 1229 , backward 67.
        Unrouted nets 430 at the end of iteration 2.
    route iteration 2, CPU time elapsed 0.046875 sec.
    forward max bucket size 939 , backward 37.
        Unrouted nets 314 at the end of iteration 3.
    route iteration 3, CPU time elapsed 0.031250 sec.
    forward max bucket size 57 , backward 60.
        Unrouted nets 190 at the end of iteration 4.
    route iteration 4, CPU time elapsed 0.031250 sec.
    forward max bucket size 24 , backward 51.
        Unrouted nets 143 at the end of iteration 5.
    route iteration 5, CPU time elapsed 0.015625 sec.
    forward max bucket size 25 , backward 69.
        Unrouted nets 96 at the end of iteration 6.
    route iteration 6, CPU time elapsed 0.000000 sec.
    forward max bucket size 21 , backward 65.
        Unrouted nets 61 at the end of iteration 7.
    route iteration 7, CPU time elapsed 0.015625 sec.
    forward max bucket size 27 , backward 66.
        Unrouted nets 31 at the end of iteration 8.
    route iteration 8, CPU time elapsed 0.000000 sec.
    forward max bucket size 18 , backward 33.
        Unrouted nets 15 at the end of iteration 9.
    route iteration 9, CPU time elapsed 0.015625 sec.
    forward max bucket size 22 , backward 20.
        Unrouted nets 13 at the end of iteration 10.
    route iteration 10, CPU time elapsed 0.000000 sec.
    forward max bucket size 18 , backward 39.
        Unrouted nets 12 at the end of iteration 11.
    route iteration 11, CPU time elapsed 0.000000 sec.
    forward max bucket size 12 , backward 18.
        Unrouted nets 5 at the end of iteration 12.
    route iteration 12, CPU time elapsed 0.000000 sec.
    forward max bucket size 12 , backward 20.
        Unrouted nets 7 at the end of iteration 13.
    route iteration 13, CPU time elapsed 0.000000 sec.
    forward max bucket size 24 , backward 26.
        Unrouted nets 6 at the end of iteration 14.
    route iteration 14, CPU time elapsed 0.000000 sec.
    forward max bucket size 13 , backward 18.
        Unrouted nets 6 at the end of iteration 15.
    route iteration 15, CPU time elapsed 0.015625 sec.
    forward max bucket size 12 , backward 27.
        Unrouted nets 1 at the end of iteration 16.
    route iteration 16, CPU time elapsed 0.000000 sec.
    forward max bucket size 5 , backward 2.
        Unrouted nets 1 at the end of iteration 17.
    route iteration 17, CPU time elapsed 0.000000 sec.
    forward max bucket size 5 , backward 2.
        Unrouted nets 1 at the end of iteration 18.
    route iteration 18, CPU time elapsed 0.000000 sec.
    forward max bucket size 5 , backward 2.
        Unrouted nets 1 at the end of iteration 19.
    route iteration 19, CPU time elapsed 0.000000 sec.
    forward max bucket size 5 , backward 2.
        Unrouted nets 1 at the end of iteration 20.
    route iteration 20, CPU time elapsed 0.000000 sec.
    forward max bucket size 5 , backward 2.
        Unrouted nets 1 at the end of iteration 21.
    route iteration 21, CPU time elapsed 0.000000 sec.
    forward max bucket size 5 , backward 2.
        Unrouted nets 1 at the end of iteration 22.
    route iteration 22, CPU time elapsed 0.015625 sec.
    forward max bucket size 5 , backward 2.
        Unrouted nets 1 at the end of iteration 23.
    route iteration 23, CPU time elapsed 0.000000 sec.
    forward max bucket size 5 , backward 2.
        Unrouted nets 1 at the end of iteration 24.
    route iteration 24, CPU time elapsed 0.000000 sec.
    forward max bucket size 5 , backward 2.
        Unrouted nets 1 at the end of iteration 25.
    route iteration 25, CPU time elapsed 0.000000 sec.
    forward max bucket size 5 , backward 2.
        Unrouted nets 1 at the end of iteration 26.
    route iteration 26, CPU time elapsed 0.000000 sec.
    forward max bucket size 5 , backward 2.
        Unrouted nets 1 at the end of iteration 27.
    route iteration 27, CPU time elapsed 0.000000 sec.
    forward max bucket size 5 , backward 2.
        Unrouted nets 1 at the end of iteration 28.
    route iteration 28, CPU time elapsed 0.000000 sec.
    forward max bucket size 5 , backward 2.
        Unrouted nets 1 at the end of iteration 29.
    route iteration 29, CPU time elapsed 0.000000 sec.
    forward max bucket size 5 , backward 2.
        Unrouted nets 1 at the end of iteration 30.
    route iteration 30, CPU time elapsed 0.015625 sec.
    forward max bucket size 5 , backward 2.
        Unrouted nets 1 at the end of iteration 31.
    route iteration 31, CPU time elapsed 0.000000 sec.
    forward max bucket size 5 , backward 2.
        Unrouted nets 1 at the end of iteration 32.
    route iteration 32, CPU time elapsed 0.000000 sec.
    forward max bucket size 5 , backward 2.
        Unrouted nets 1 at the end of iteration 33.
    route iteration 33, CPU time elapsed 0.000000 sec.
    forward max bucket size 5 , backward 2.
        Unrouted nets 1 at the end of iteration 34.
    route iteration 34, CPU time elapsed 0.000000 sec.
    forward max bucket size 5 , backward 2.
        Unrouted nets 1 at the end of iteration 35.
    route iteration 35, CPU time elapsed 0.000000 sec.
    forward max bucket size 5 , backward 2.
        Unrouted nets 1 at the end of iteration 36.
    route iteration 36, CPU time elapsed 0.000000 sec.
    forward max bucket size 5 , backward 2.
        Unrouted nets 1 at the end of iteration 37.
    route iteration 37, CPU time elapsed 0.031250 sec.
    forward max bucket size 5 , backward 2.
        Unrouted nets 1 at the end of iteration 38.
    route iteration 38, CPU time elapsed 0.000000 sec.
    forward max bucket size 5 , backward 2.
        Unrouted nets 1 at the end of iteration 39.
    route iteration 39, CPU time elapsed 0.000000 sec.
    forward max bucket size 5 , backward 2.
        Unrouted nets 1 at the end of iteration 40.
    route iteration 40, CPU time elapsed 0.000000 sec.
    forward max bucket size 5 , backward 2.
        Unrouted nets 1 at the end of iteration 41.
    route iteration 41, CPU time elapsed 0.000000 sec.
    forward max bucket size 5 , backward 2.
        Unrouted nets 1 at the end of iteration 42.
    route iteration 42, CPU time elapsed 0.000000 sec.
    forward max bucket size 5 , backward 2.
        Unrouted nets 1 at the end of iteration 43.
    route iteration 43, CPU time elapsed 0.000000 sec.
    forward max bucket size 5 , backward 2.
        Unrouted nets 1 at the end of iteration 44.
    route iteration 44, CPU time elapsed 0.000000 sec.
    forward max bucket size 5 , backward 2.
        Unrouted nets 1 at the end of iteration 45.
    route iteration 45, CPU time elapsed 0.015625 sec.
    forward max bucket size 5 , backward 2.
        Unrouted nets 1 at the end of iteration 46.
    route iteration 46, CPU time elapsed 0.000000 sec.
    forward max bucket size 5 , backward 2.
        Unrouted nets 1 at the end of iteration 47.
    route iteration 47, CPU time elapsed 0.000000 sec.
    forward max bucket size 5 , backward 2.
        Unrouted nets 1 at the end of iteration 48.
    route iteration 48, CPU time elapsed 0.000000 sec.
    forward max bucket size 5 , backward 2.
        Unrouted nets 1 at the end of iteration 49.
    route iteration 49, CPU time elapsed 0.000000 sec.
    forward max bucket size 5 , backward 2.
        Unrouted nets 1 at the end of iteration 50.
    route iteration 50, CPU time elapsed 0.000000 sec.
    forward max bucket size 5 , backward 2.
        Unrouted nets 1 at the end of iteration 51.
    route iteration 51, CPU time elapsed 0.000000 sec.
    forward max bucket size 5 , backward 2.
        Unrouted nets 1 at the end of iteration 52.
    route iteration 52, CPU time elapsed 0.015625 sec.
    forward max bucket size 5 , backward 2.
        Unrouted nets 1 at the end of iteration 53.
    route iteration 53, CPU time elapsed 0.000000 sec.
    forward max bucket size 5 , backward 2.
        Unrouted nets 1 at the end of iteration 54.
    route iteration 54, CPU time elapsed 0.000000 sec.
    forward max bucket size 5 , backward 2.
        Unrouted nets 1 at the end of iteration 55.
    route iteration 55, CPU time elapsed 0.000000 sec.
    forward max bucket size 5 , backward 2.
        Unrouted nets 1 at the end of iteration 56.
    route iteration 56, CPU time elapsed 0.000000 sec.
    forward max bucket size 5 , backward 2.
        Unrouted nets 1 at the end of iteration 57.
    route iteration 57, CPU time elapsed 0.000000 sec.
    forward max bucket size 5 , backward 2.
        Unrouted nets 1 at the end of iteration 58.
    route iteration 58, CPU time elapsed 0.000000 sec.
    forward max bucket size 5 , backward 2.
        Unrouted nets 1 at the end of iteration 59.
    route iteration 59, CPU time elapsed 0.000000 sec.
    forward max bucket size 5 , backward 2.
        Unrouted nets 1 at the end of iteration 60.
    route iteration 60, CPU time elapsed 0.015625 sec.
    forward max bucket size 5 , backward 2.
        Unrouted nets 1 at the end of iteration 61.
    route iteration 61, CPU time elapsed 0.000000 sec.
    forward max bucket size 5 , backward 2.
        Unrouted nets 1 at the end of iteration 62.
    route iteration 62, CPU time elapsed 0.000000 sec.
    forward max bucket size 5 , backward 2.
        Unrouted nets 1 at the end of iteration 63.
    route iteration 63, CPU time elapsed 0.000000 sec.
    forward max bucket size 5 , backward 2.
        Unrouted nets 1 at the end of iteration 64.
    route iteration 64, CPU time elapsed 0.000000 sec.
    forward max bucket size 5 , backward 2.
        Unrouted nets 1 at the end of iteration 65.
    route iteration 65, CPU time elapsed 0.000000 sec.
    forward max bucket size 5 , backward 2.
        Unrouted nets 1 at the end of iteration 66.
    route iteration 66, CPU time elapsed 0.000000 sec.
    forward max bucket size 5 , backward 2.
        Unrouted nets 1 at the end of iteration 67.
    route iteration 67, CPU time elapsed 0.015625 sec.
    forward max bucket size 5 , backward 2.
        Unrouted nets 1 at the end of iteration 68.
    route iteration 68, CPU time elapsed 0.000000 sec.
    forward max bucket size 5 , backward 2.
        Unrouted nets 1 at the end of iteration 69.
    route iteration 69, CPU time elapsed 0.000000 sec.
    forward max bucket size 5 , backward 2.
        Unrouted nets 1 at the end of iteration 70.
    route iteration 70, CPU time elapsed 0.000000 sec.
    forward max bucket size 5 , backward 2.
        Unrouted nets 1 at the end of iteration 71.
    route iteration 71, CPU time elapsed 0.000000 sec.
    forward max bucket size 5 , backward 2.
        Unrouted nets 1 at the end of iteration 72.
    route iteration 72, CPU time elapsed 0.000000 sec.
    forward max bucket size 5 , backward 2.
        Unrouted nets 1 at the end of iteration 73.
    route iteration 73, CPU time elapsed 0.000000 sec.
    forward max bucket size 5 , backward 2.
        Unrouted nets 1 at the end of iteration 74.
    route iteration 74, CPU time elapsed 0.000000 sec.
    forward max bucket size 5 , backward 2.
        Unrouted nets 1 at the end of iteration 75.
    route iteration 75, CPU time elapsed 0.015625 sec.
    forward max bucket size 5 , backward 2.
        Unrouted nets 1 at the end of iteration 76.
    route iteration 76, CPU time elapsed 0.000000 sec.
    forward max bucket size 5 , backward 2.
        Unrouted nets 1 at the end of iteration 77.
    route iteration 77, CPU time elapsed 0.000000 sec.
    forward max bucket size 5 , backward 2.
        Unrouted nets 1 at the end of iteration 78.
    route iteration 78, CPU time elapsed 0.000000 sec.
    forward max bucket size 5 , backward 2.
        Unrouted nets 1 at the end of iteration 79.
    route iteration 79, CPU time elapsed 0.000000 sec.
    forward max bucket size 5 , backward 2.
        Unrouted nets 1 at the end of iteration 80.
    route iteration 80, CPU time elapsed 0.000000 sec.
    forward max bucket size 5 , backward 2.
        Unrouted nets 1 at the end of iteration 81.
    route iteration 81, CPU time elapsed 0.000000 sec.
    forward max bucket size 5 , backward 2.
        Unrouted nets 1 at the end of iteration 82.
    route iteration 82, CPU time elapsed 0.015625 sec.
    forward max bucket size 5 , backward 2.
        Unrouted nets 1 at the end of iteration 83.
    route iteration 83, CPU time elapsed 0.000000 sec.
    forward max bucket size 5 , backward 2.
        Unrouted nets 1 at the end of iteration 84.
    route iteration 84, CPU time elapsed 0.000000 sec.
    forward max bucket size 5 , backward 2.
        Unrouted nets 1 at the end of iteration 85.
    route iteration 85, CPU time elapsed 0.000000 sec.
    forward max bucket size 5 , backward 2.
        Unrouted nets 1 at the end of iteration 86.
    route iteration 86, CPU time elapsed 0.000000 sec.
    forward max bucket size 5 , backward 2.
        Unrouted nets 1 at the end of iteration 87.
    route iteration 87, CPU time elapsed 0.000000 sec.
    forward max bucket size 6 , backward 6.
        Unrouted nets 4 at the end of iteration 88.
    route iteration 88, CPU time elapsed 0.000000 sec.
    forward max bucket size 10 , backward 17.
        Unrouted nets 7 at the end of iteration 89.
    route iteration 89, CPU time elapsed 0.015625 sec.
    forward max bucket size 10 , backward 13.
        Unrouted nets 5 at the end of iteration 90.
    route iteration 90, CPU time elapsed 0.000000 sec.
    forward max bucket size 10 , backward 11.
        Unrouted nets 2 at the end of iteration 91.
    route iteration 91, CPU time elapsed 0.000000 sec.
    forward max bucket size 8 , backward 15.
        Unrouted nets 0 at the end of iteration 92.
    route iteration 92, CPU time elapsed 0.000000 sec.
Detailed routing takes 92 iterations
I: Design net u_CORES/drck_o is routed by general path.
C: Route-2036: The clock path from u_CORES/u_GTP_SCANCHAIN_PG/scanchain:TCK_USER to clkbufg_4/gopclkbufg:CLK is routed by SRB.
I: Design net nt_es1_dsclk is routed by general path.
C: Route-2036: The clock path from es1_dsclk_ibuf/opit_1:OUT to clkbufg_6/gopclkbufg:CLK is routed by SRB.
I: Design net clock_i2c is routed by general path.
C: Route-2036: The clock path from ES7243E_reg_config/clock_i2c/opit_0_L5Q:Q to ES7243E_reg_config/config_step_reg[2]/opit_0_inv:CLK is routed by SRB.
I: Design net u_CORES/capt_o is routed by general path.
C: Route-2036: The clock path from u_CORES/u_GTP_SCANCHAIN_PG/scanchain:CAPDR to u_CORES/u_debug_core_0/u_hub_data_decode/id_sample.conf_id[4]/opit_0_inv:CLK is routed by SRB.
Detailed routing takes 2.52 sec.
Start fix hold violation.
Build tmp routing results takes 0.02 sec.
Timing analysis takes 0.00 sec.
Hold violation fix iter 0 takes 0.00 sec, total_step_forward 85.
Incremental timing analysis takes 0.00 sec.
Hold violation fix iter 1 takes 0.00 sec, total_step_forward 0.
Hold Violation Fix in router takes 2 iterations.
Fix hold violation Finished.
Hold Violation Fix in router takes 0.19 sec.

Dispose routing result:
    Collect routing result.
    Delete unused device instances.
    Annotate routing result.
    Change LUT configuration.
    Dispose misc instances.
    Annotate routing result again.
Finish routing takes 0.06 sec.
Used SRB routing arc is 11006.
Cleanup routing takes 0.00 sec.
Routing done.
Total routing takes 5.95 sec.


Device Utilization Summary :
+---------------------------------------------------------------------------+
| Logic Utilization        | Used     | Available     | Utilization(%)     
+---------------------------------------------------------------------------+
| Use of APM               | 0        | 84            | 0                  
| Use of BKCL              | 3        | 4             | 75                 
| Use of CLMA              | 197      | 6450          | 4                  
|   FF                     | 498      | 38700         | 2                  
|   LUT                    | 511      | 25800         | 2                  
|   LUT-FF pairs           | 289      | 25800         | 2                  
| Use of CLMS              | 98       | 4250          | 3                  
|   FF                     | 237      | 25500         | 1                  
|   LUT                    | 271      | 17000         | 2                  
|   LUT-FF pairs           | 151      | 17000         | 1                  
|   Distributed RAM        | 0        | 17000         | 0                  
| Use of CRYSTAL           | 0        | 2             | 0                  
| Use of DLL               | 0        | 10            | 0                  
| Use of DQSL              | 0        | 18            | 0                  
| Use of DRM               | 12.5     | 134           | 10                 
| Use of FUSECODE          | 0        | 1             | 0                  
| Use of HARD0N1           | 118      | 6672          | 2                  
| Use of HSST              | 0        | 1             | 0                  
| Use of IO                | 20       | 296           | 7                  
|   IOBD                   | 10       | 64            | 16                 
|   IOBR_LR                | 0        | 7             | 0                  
|   IOBR_TB                | 1        | 8             | 13                 
|   IOBS_LR                | 2        | 161           | 2                  
|   IOBS_TB                | 7        | 56            | 13                 
| Use of IOCKDIV           | 0        | 20            | 0                  
| Use of IOCKDLY           | 0        | 40            | 0                  
| Use of IOCKGATE          | 0        | 20            | 0                  
| Use of IOCKGMUX_TEST     | 0        | 20            | 0                  
| Use of IOL               | 20       | 400           | 5                  
| Use of IPAL              | 0        | 1             | 0                  
| Use of LDO               | 0        | 4             | 0                  
| Use of MFG_TEST          | 0        | 1             | 0                  
| Use of OSC               | 0        | 1             | 0                  
| Use of PCIE              | 0        | 1             | 0                  
| Use of PIOMUX_TEST       | 0        | 10            | 0                  
| Use of PLL               | 1        | 5             | 20                 
| Use of PREGMUX_TEST      | 0        | 6             | 0                  
| Use of RCKB              | 0        | 24            | 0                  
|  RCKB dataused           | 0        | 24            | 0                  
| Use of RCKBMUX_TEST      | 0        | 12            | 0                  
| Use of RESCAL            | 0        | 4             | 0                  
| Use of SCANCHAIN         | 1        | 2             | 50                 
| Use of START             | 1        | 1             | 100                
| Use of UDID              | 0        | 1             | 0                  
| Use of USCM              | 5        | 30            | 17                 
|  USCM dataused           | 0        | 30            | 0                  
| Use of USCMMUX_TEST      | 0        | 30            | 0                  
| Use of VCKBMUX_TEST      | 0        | 12            | 0                  
+---------------------------------------------------------------------------+

Finished routing.
Design 'voice_loop_test' has been placed and routed successfully.
Saving design to DB.
Finished placement and routing.
Action pnr: Real time elapsed is 0h:0m:22s
Action pnr: CPU time elapsed is 0h:0m:20s
Action pnr: Process CPU time elapsed is 0h:0m:20s
Current time: Fri Apr 19 23:59:52 2024
Action pnr: Peak memory pool usage is 935 MB
